CUDA is available
Loading Data...
tensor([[ 0.7958,  0.8378,  0.8727,  ..., -0.7343, -0.6540, -0.5593],
        [ 0.4763,  0.5376,  0.5842,  ..., -0.5324, -0.5991, -0.6494],
        [ 1.1945,  1.1099,  1.0313,  ...,  0.2193,  0.3413,  0.4450],
        ...,
        [-1.4576, -1.5005, -1.5450,  ...,  0.3289,  0.2061,  0.0790],
        [-0.2440, -0.1982, -0.1567,  ..., -0.8100, -0.8054, -0.7753],
        [-0.5726, -0.5289, -0.4824,  ...,  0.3516,  0.3742,  0.4134]],
       device='cuda:0')
Total Data Memory Consumption:  7.78 MB
Number of DeepONet Parameters: 402360
Number of Data Points per Parameter:  248.50879809126155

Starting Training Procedure...

Starting curriculum-phase training...

⟨|s_xx+g_x|⟩=4.619e-03   ⟨|s_xy+g_y|⟩=4.965e-03
Train Epoch: 1 [0/10000 (0%)] 	Forcing Loss: 7.9591E-05 (w = 1.0E+00) 	Physics Loss: 2.9748E-05 (w = 1.0E-07) 	Loss Gradient: 2.7098E-02 	lr: 1.00E-04

⟨|s_xx+g_x|⟩=2.132e-02   ⟨|s_xy+g_y|⟩=2.668e-02
Train Epoch: 1 [64/10000 (1%)] 	Forcing Loss: 1.9127E-03 (w = 1.0E+00) 	Physics Loss: 2.6807E-05 (w = 1.0E-07) 	Loss Gradient: 2.0470E+00 	lr: 1.00E-04

⟨|s_xx+g_x|⟩=1.132e-02   ⟨|s_xy+g_y|⟩=1.131e-02
Train Epoch: 1 [128/10000 (1%)] 	Forcing Loss: 4.0900E-04 (w = 1.0E+00) 	Physics Loss: 2.4408E-05 (w = 1.0E-07) 	Loss Gradient: 5.6715E-01 	lr: 1.00E-04

⟨|s_xx+g_x|⟩=1.444e-02   ⟨|s_xy+g_y|⟩=1.595e-02
Train Epoch: 1 [192/10000 (2%)] 	Forcing Loss: 7.8095E-04 (w = 1.0E+00) 	Physics Loss: 2.6964E-05 (w = 1.0E-07) 	Loss Gradient: 1.3557E+00 	lr: 1.00E-04

⟨|s_xx+g_x|⟩=1.637e-02   ⟨|s_xy+g_y|⟩=1.883e-02
Train Epoch: 1 [256/10000 (3%)] 	Forcing Loss: 1.0235E-03 (w = 1.0E+00) 	Physics Loss: 3.0674E-05 (w = 1.0E-07) 	Loss Gradient: 1.3220E+00 	lr: 1.00E-04

⟨|s_xx+g_x|⟩=1.305e-02   ⟨|s_xy+g_y|⟩=1.563e-02
Train Epoch: 1 [320/10000 (3%)] 	Forcing Loss: 6.7005E-04 (w = 1.0E+00) 	Physics Loss: 2.8472E-05 (w = 1.0E-07) 	Loss Gradient: 8.5696E-01 	lr: 1.00E-04

⟨|s_xx+g_x|⟩=1.285e-02   ⟨|s_xy+g_y|⟩=1.227e-02
Train Epoch: 1 [384/10000 (4%)] 	Forcing Loss: 5.0040E-04 (w = 1.0E+00) 	Physics Loss: 2.6652E-05 (w = 1.0E-07) 	Loss Gradient: 4.4007E-01 	lr: 1.00E-04

⟨|s_xx+g_x|⟩=1.215e-02   ⟨|s_xy+g_y|⟩=1.224e-02
Train Epoch: 1 [448/10000 (4%)] 	Forcing Loss: 4.7320E-04 (w = 1.0E+00) 	Physics Loss: 3.0099E-05 (w = 1.0E-07) 	Loss Gradient: 5.8941E-01 	lr: 1.00E-04

⟨|s_xx+g_x|⟩=1.127e-02   ⟨|s_xy+g_y|⟩=1.387e-02
Train Epoch: 1 [512/10000 (5%)] 	Forcing Loss: 5.1168E-04 (w = 1.0E+00) 	Physics Loss: 3.0266E-05 (w = 1.0E-07) 	Loss Gradient: 8.3095E-01 	lr: 1.00E-04

⟨|s_xx+g_x|⟩=1.189e-02   ⟨|s_xy+g_y|⟩=1.323e-02
Train Epoch: 1 [576/10000 (6%)] 	Forcing Loss: 4.9689E-04 (w = 1.0E+00) 	Physics Loss: 2.6251E-05 (w = 1.0E-07) 	Loss Gradient: 7.4902E-01 	lr: 1.00E-04

⟨|s_xx+g_x|⟩=1.186e-02   ⟨|s_xy+g_y|⟩=1.082e-02
Train Epoch: 1 [640/10000 (6%)] 	Forcing Loss: 4.1028E-04 (w = 1.0E+00) 	Physics Loss: 2.6580E-05 (w = 1.0E-07) 	Loss Gradient: 5.1841E-01 	lr: 1.00E-04

⟨|s_xx+g_x|⟩=1.100e-02   ⟨|s_xy+g_y|⟩=1.010e-02
Train Epoch: 1 [704/10000 (7%)] 	Forcing Loss: 3.5868E-04 (w = 1.0E+00) 	Physics Loss: 2.6985E-05 (w = 1.0E-07) 	Loss Gradient: 4.2292E-01 	lr: 1.00E-04

⟨|s_xx+g_x|⟩=9.409e-03   ⟨|s_xy+g_y|⟩=1.081e-02
Train Epoch: 1 [768/10000 (8%)] 	Forcing Loss: 3.3616E-04 (w = 1.0E+00) 	Physics Loss: 2.7075E-05 (w = 1.0E-07) 	Loss Gradient: 3.9511E-01 	lr: 1.00E-04

⟨|s_xx+g_x|⟩=9.846e-03   ⟨|s_xy+g_y|⟩=1.123e-02
Train Epoch: 1 [832/10000 (8%)] 	Forcing Loss: 3.6075E-04 (w = 1.0E+00) 	Physics Loss: 2.7262E-05 (w = 1.0E-07) 	Loss Gradient: 5.8744E-01 	lr: 1.00E-04

⟨|s_xx+g_x|⟩=1.026e-02   ⟨|s_xy+g_y|⟩=9.798e-03
Train Epoch: 1 [896/10000 (9%)] 	Forcing Loss: 3.1805E-04 (w = 1.0E+00) 	Physics Loss: 3.0002E-05 (w = 1.0E-07) 	Loss Gradient: 4.4707E-01 	lr: 1.00E-04

⟨|s_xx+g_x|⟩=1.085e-02   ⟨|s_xy+g_y|⟩=9.371e-03
Train Epoch: 1 [960/10000 (10%)] 	Forcing Loss: 3.3561E-04 (w = 1.0E+00) 	Physics Loss: 3.0942E-05 (w = 1.0E-07) 	Loss Gradient: 5.4582E-01 	lr: 1.00E-04

⟨|s_xx+g_x|⟩=9.268e-03   ⟨|s_xy+g_y|⟩=7.945e-03
Train Epoch: 1 [1024/10000 (10%)] 	Forcing Loss: 2.4362E-04 (w = 1.0E+00) 	Physics Loss: 2.8978E-05 (w = 1.0E-07) 	Loss Gradient: 3.0056E-01 	lr: 1.00E-04

⟨|s_xx+g_x|⟩=8.949e-03   ⟨|s_xy+g_y|⟩=9.290e-03
Train Epoch: 1 [1088/10000 (11%)] 	Forcing Loss: 2.6946E-04 (w = 1.0E+00) 	Physics Loss: 2.7249E-05 (w = 1.0E-07) 	Loss Gradient: 3.4143E-01 	lr: 1.00E-04

⟨|s_xx+g_x|⟩=9.031e-03   ⟨|s_xy+g_y|⟩=9.419e-03
Train Epoch: 1 [1152/10000 (11%)] 	Forcing Loss: 2.7267E-04 (w = 1.0E+00) 	Physics Loss: 2.7630E-05 (w = 1.0E-07) 	Loss Gradient: 4.1512E-01 	lr: 1.00E-04

⟨|s_xx+g_x|⟩=9.501e-03   ⟨|s_xy+g_y|⟩=8.424e-03
Train Epoch: 1 [1216/10000 (12%)] 	Forcing Loss: 2.5647E-04 (w = 1.0E+00) 	Physics Loss: 2.9881E-05 (w = 1.0E-07) 	Loss Gradient: 3.7028E-01 	lr: 1.00E-04

⟨|s_xx+g_x|⟩=8.533e-03   ⟨|s_xy+g_y|⟩=7.985e-03
Train Epoch: 1 [1280/10000 (13%)] 	Forcing Loss: 2.2005E-04 (w = 1.0E+00) 	Physics Loss: 2.7698E-05 (w = 1.0E-07) 	Loss Gradient: 2.7970E-01 	lr: 1.00E-04

⟨|s_xx+g_x|⟩=7.876e-03   ⟨|s_xy+g_y|⟩=7.027e-03
Train Epoch: 1 [1344/10000 (13%)] 	Forcing Loss: 1.7954E-04 (w = 1.0E+00) 	Physics Loss: 2.8339E-05 (w = 1.0E-07) 	Loss Gradient: 2.1672E-01 	lr: 1.00E-04

⟨|s_xx+g_x|⟩=7.090e-03   ⟨|s_xy+g_y|⟩=6.902e-03
Train Epoch: 1 [1408/10000 (14%)] 	Forcing Loss: 1.6197E-04 (w = 1.0E+00) 	Physics Loss: 2.5450E-05 (w = 1.0E-07) 	Loss Gradient: 2.1116E-01 	lr: 1.00E-04

⟨|s_xx+g_x|⟩=8.598e-03   ⟨|s_xy+g_y|⟩=7.003e-03
Train Epoch: 1 [1472/10000 (15%)] 	Forcing Loss: 1.9874E-04 (w = 1.0E+00) 	Physics Loss: 2.7600E-05 (w = 1.0E-07) 	Loss Gradient: 2.1393E-01 	lr: 1.00E-04

⟨|s_xx+g_x|⟩=8.538e-03   ⟨|s_xy+g_y|⟩=7.165e-03
Train Epoch: 1 [1536/10000 (15%)] 	Forcing Loss: 2.0782E-04 (w = 1.0E+00) 	Physics Loss: 2.7036E-05 (w = 1.0E-07) 	Loss Gradient: 2.5954E-01 	lr: 1.00E-04

⟨|s_xx+g_x|⟩=8.128e-03   ⟨|s_xy+g_y|⟩=7.602e-03
Train Epoch: 1 [1600/10000 (16%)] 	Forcing Loss: 2.0772E-04 (w = 1.0E+00) 	Physics Loss: 2.4482E-05 (w = 1.0E-07) 	Loss Gradient: 2.4051E-01 	lr: 1.00E-04

⟨|s_xx+g_x|⟩=7.041e-03   ⟨|s_xy+g_y|⟩=6.149e-03
Train Epoch: 1 [1664/10000 (17%)] 	Forcing Loss: 1.4263E-04 (w = 1.0E+00) 	Physics Loss: 2.8103E-05 (w = 1.0E-07) 	Loss Gradient: 1.7090E-01 	lr: 1.00E-04

⟨|s_xx+g_x|⟩=6.792e-03   ⟨|s_xy+g_y|⟩=5.995e-03
Train Epoch: 1 [1728/10000 (17%)] 	Forcing Loss: 1.3492E-04 (w = 1.0E+00) 	Physics Loss: 2.5267E-05 (w = 1.0E-07) 	Loss Gradient: 1.8912E-01 	lr: 1.00E-04

⟨|s_xx+g_x|⟩=7.081e-03   ⟨|s_xy+g_y|⟩=6.714e-03
Train Epoch: 1 [1792/10000 (18%)] 	Forcing Loss: 1.5993E-04 (w = 1.0E+00) 	Physics Loss: 2.5371E-05 (w = 1.0E-07) 	Loss Gradient: 2.2056E-01 	lr: 1.00E-04

⟨|s_xx+g_x|⟩=7.459e-03   ⟨|s_xy+g_y|⟩=6.804e-03
Train Epoch: 1 [1856/10000 (18%)] 	Forcing Loss: 1.6568E-04 (w = 1.0E+00) 	Physics Loss: 2.5360E-05 (w = 1.0E-07) 	Loss Gradient: 2.1073E-01 	lr: 1.00E-04

⟨|s_xx+g_x|⟩=6.982e-03   ⟨|s_xy+g_y|⟩=6.238e-03
Train Epoch: 1 [1920/10000 (19%)] 	Forcing Loss: 1.4169E-04 (w = 1.0E+00) 	Physics Loss: 2.8340E-05 (w = 1.0E-07) 	Loss Gradient: 1.4745E-01 	lr: 1.00E-04

⟨|s_xx+g_x|⟩=6.612e-03   ⟨|s_xy+g_y|⟩=6.447e-03
Train Epoch: 1 [1984/10000 (20%)] 	Forcing Loss: 1.4472E-04 (w = 1.0E+00) 	Physics Loss: 3.0482E-05 (w = 1.0E-07) 	Loss Gradient: 1.7459E-01 	lr: 1.00E-04

⟨|s_xx+g_x|⟩=6.135e-03   ⟨|s_xy+g_y|⟩=6.611e-03
Train Epoch: 1 [2048/10000 (20%)] 	Forcing Loss: 1.3361E-04 (w = 1.0E+00) 	Physics Loss: 2.2001E-05 (w = 1.0E-07) 	Loss Gradient: 1.3986E-01 	lr: 1.00E-04

⟨|s_xx+g_x|⟩=6.368e-03   ⟨|s_xy+g_y|⟩=6.236e-03
Train Epoch: 1 [2112/10000 (21%)] 	Forcing Loss: 1.3019E-04 (w = 1.0E+00) 	Physics Loss: 2.8791E-05 (w = 1.0E-07) 	Loss Gradient: 1.8696E-01 	lr: 1.00E-04

⟨|s_xx+g_x|⟩=6.409e-03   ⟨|s_xy+g_y|⟩=6.076e-03
Train Epoch: 1 [2176/10000 (22%)] 	Forcing Loss: 1.3454E-04 (w = 1.0E+00) 	Physics Loss: 2.7596E-05 (w = 1.0E-07) 	Loss Gradient: 1.8796E-01 	lr: 1.00E-04

⟨|s_xx+g_x|⟩=7.019e-03   ⟨|s_xy+g_y|⟩=5.787e-03
Train Epoch: 1 [2240/10000 (22%)] 	Forcing Loss: 1.4174E-04 (w = 1.0E+00) 	Physics Loss: 2.9590E-05 (w = 1.0E-07) 	Loss Gradient: 1.4922E-01 	lr: 1.00E-04

⟨|s_xx+g_x|⟩=6.186e-03   ⟨|s_xy+g_y|⟩=6.137e-03
Train Epoch: 1 [2304/10000 (23%)] 	Forcing Loss: 1.2413E-04 (w = 1.0E+00) 	Physics Loss: 2.8717E-05 (w = 1.0E-07) 	Loss Gradient: 1.7068E-01 	lr: 1.00E-04

⟨|s_xx+g_x|⟩=6.219e-03   ⟨|s_xy+g_y|⟩=6.520e-03
Train Epoch: 1 [2368/10000 (24%)] 	Forcing Loss: 1.3349E-04 (w = 1.0E+00) 	Physics Loss: 3.2993E-05 (w = 1.0E-07) 	Loss Gradient: 2.1129E-01 	lr: 1.00E-04

⟨|s_xx+g_x|⟩=6.349e-03   ⟨|s_xy+g_y|⟩=5.349e-03
Train Epoch: 1 [2432/10000 (24%)] 	Forcing Loss: 1.1316E-04 (w = 1.0E+00) 	Physics Loss: 2.6175E-05 (w = 1.0E-07) 	Loss Gradient: 1.7383E-01 	lr: 1.00E-04

⟨|s_xx+g_x|⟩=6.487e-03   ⟨|s_xy+g_y|⟩=5.230e-03
Train Epoch: 1 [2496/10000 (25%)] 	Forcing Loss: 1.1527E-04 (w = 1.0E+00) 	Physics Loss: 2.9574E-05 (w = 1.0E-07) 	Loss Gradient: 1.2307E-01 	lr: 1.00E-04

⟨|s_xx+g_x|⟩=5.788e-03   ⟨|s_xy+g_y|⟩=5.499e-03
Train Epoch: 1 [2560/10000 (25%)] 	Forcing Loss: 1.0441E-04 (w = 1.0E+00) 	Physics Loss: 2.9716E-05 (w = 1.0E-07) 	Loss Gradient: 1.5513E-01 	lr: 1.00E-04

⟨|s_xx+g_x|⟩=5.546e-03   ⟨|s_xy+g_y|⟩=5.943e-03
Train Epoch: 1 [2624/10000 (26%)] 	Forcing Loss: 1.1457E-04 (w = 1.0E+00) 	Physics Loss: 2.7536E-05 (w = 1.0E-07) 	Loss Gradient: 1.1000E-01 	lr: 1.00E-04

⟨|s_xx+g_x|⟩=6.518e-03   ⟨|s_xy+g_y|⟩=5.593e-03
Train Epoch: 1 [2688/10000 (27%)] 	Forcing Loss: 1.2970E-04 (w = 1.0E+00) 	Physics Loss: 2.7285E-05 (w = 1.0E-07) 	Loss Gradient: 1.5252E-01 	lr: 1.00E-04

⟨|s_xx+g_x|⟩=6.442e-03   ⟨|s_xy+g_y|⟩=5.606e-03
Train Epoch: 1 [2752/10000 (27%)] 	Forcing Loss: 1.2714E-04 (w = 1.0E+00) 	Physics Loss: 2.9729E-05 (w = 1.0E-07) 	Loss Gradient: 1.6640E-01 	lr: 1.00E-04

⟨|s_xx+g_x|⟩=5.661e-03   ⟨|s_xy+g_y|⟩=6.113e-03
Train Epoch: 1 [2816/10000 (28%)] 	Forcing Loss: 1.1566E-04 (w = 1.0E+00) 	Physics Loss: 3.0250E-05 (w = 1.0E-07) 	Loss Gradient: 9.6231E-02 	lr: 1.00E-04

⟨|s_xx+g_x|⟩=5.953e-03   ⟨|s_xy+g_y|⟩=5.594e-03
Train Epoch: 1 [2880/10000 (29%)] 	Forcing Loss: 1.1329E-04 (w = 1.0E+00) 	Physics Loss: 3.0924E-05 (w = 1.0E-07) 	Loss Gradient: 1.0567E-01 	lr: 1.00E-04

⟨|s_xx+g_x|⟩=5.449e-03   ⟨|s_xy+g_y|⟩=5.196e-03
Train Epoch: 1 [2944/10000 (29%)] 	Forcing Loss: 9.3911E-05 (w = 1.0E+00) 	Physics Loss: 2.8127E-05 (w = 1.0E-07) 	Loss Gradient: 1.4325E-01 	lr: 1.00E-04

⟨|s_xx+g_x|⟩=5.795e-03   ⟨|s_xy+g_y|⟩=6.011e-03
Train Epoch: 1 [3008/10000 (30%)] 	Forcing Loss: 1.1844E-04 (w = 1.0E+00) 	Physics Loss: 2.7626E-05 (w = 1.0E-07) 	Loss Gradient: 1.5781E-01 	lr: 1.00E-04

⟨|s_xx+g_x|⟩=5.475e-03   ⟨|s_xy+g_y|⟩=5.166e-03
Train Epoch: 1 [3072/10000 (31%)] 	Forcing Loss: 9.8784E-05 (w = 1.0E+00) 	Physics Loss: 3.0967E-05 (w = 1.0E-07) 	Loss Gradient: 1.1536E-01 	lr: 1.00E-04

⟨|s_xx+g_x|⟩=6.128e-03   ⟨|s_xy+g_y|⟩=5.441e-03
Train Epoch: 1 [3136/10000 (31%)] 	Forcing Loss: 1.1269E-04 (w = 1.0E+00) 	Physics Loss: 2.7231E-05 (w = 1.0E-07) 	Loss Gradient: 1.3440E-01 	lr: 1.00E-04

⟨|s_xx+g_x|⟩=5.792e-03   ⟨|s_xy+g_y|⟩=5.290e-03
Train Epoch: 1 [3200/10000 (32%)] 	Forcing Loss: 1.0623E-04 (w = 1.0E+00) 	Physics Loss: 2.8388E-05 (w = 1.0E-07) 	Loss Gradient: 1.2702E-01 	lr: 1.00E-04

⟨|s_xx+g_x|⟩=5.395e-03   ⟨|s_xy+g_y|⟩=5.701e-03
Train Epoch: 1 [3264/10000 (32%)] 	Forcing Loss: 1.0359E-04 (w = 1.0E+00) 	Physics Loss: 2.9880E-05 (w = 1.0E-07) 	Loss Gradient: 1.2458E-01 	lr: 1.00E-04

⟨|s_xx+g_x|⟩=5.291e-03   ⟨|s_xy+g_y|⟩=5.993e-03
Train Epoch: 1 [3328/10000 (33%)] 	Forcing Loss: 1.0847E-04 (w = 1.0E+00) 	Physics Loss: 2.8859E-05 (w = 1.0E-07) 	Loss Gradient: 1.3756E-01 	lr: 1.00E-04

⟨|s_xx+g_x|⟩=5.645e-03   ⟨|s_xy+g_y|⟩=5.733e-03
Train Epoch: 1 [3392/10000 (34%)] 	Forcing Loss: 1.1272E-04 (w = 1.0E+00) 	Physics Loss: 3.1070E-05 (w = 1.0E-07) 	Loss Gradient: 1.1064E-01 	lr: 1.00E-04

⟨|s_xx+g_x|⟩=5.558e-03   ⟨|s_xy+g_y|⟩=5.276e-03
Train Epoch: 1 [3456/10000 (34%)] 	Forcing Loss: 1.0085E-04 (w = 1.0E+00) 	Physics Loss: 2.9474E-05 (w = 1.0E-07) 	Loss Gradient: 1.3712E-01 	lr: 1.00E-04

⟨|s_xx+g_x|⟩=5.236e-03   ⟨|s_xy+g_y|⟩=5.074e-03
Train Epoch: 1 [3520/10000 (35%)] 	Forcing Loss: 9.0251E-05 (w = 1.0E+00) 	Physics Loss: 2.8564E-05 (w = 1.0E-07) 	Loss Gradient: 1.6362E-01 	lr: 1.00E-04

⟨|s_xx+g_x|⟩=5.706e-03   ⟨|s_xy+g_y|⟩=5.109e-03
Train Epoch: 1 [3584/10000 (36%)] 	Forcing Loss: 9.8883E-05 (w = 1.0E+00) 	Physics Loss: 2.7898E-05 (w = 1.0E-07) 	Loss Gradient: 5.4860E-02 	lr: 1.00E-04

⟨|s_xx+g_x|⟩=5.436e-03   ⟨|s_xy+g_y|⟩=5.267e-03
Train Epoch: 1 [3648/10000 (36%)] 	Forcing Loss: 9.7712E-05 (w = 1.0E+00) 	Physics Loss: 2.5492E-05 (w = 1.0E-07) 	Loss Gradient: 9.2341E-02 	lr: 1.00E-04

⟨|s_xx+g_x|⟩=5.803e-03   ⟨|s_xy+g_y|⟩=5.163e-03
Train Epoch: 1 [3712/10000 (37%)] 	Forcing Loss: 1.0115E-04 (w = 1.0E+00) 	Physics Loss: 2.7529E-05 (w = 1.0E-07) 	Loss Gradient: 1.3617E-01 	lr: 1.00E-04

⟨|s_xx+g_x|⟩=5.902e-03   ⟨|s_xy+g_y|⟩=5.309e-03
Train Epoch: 1 [3776/10000 (38%)] 	Forcing Loss: 1.1179E-04 (w = 1.0E+00) 	Physics Loss: 2.5385E-05 (w = 1.0E-07) 	Loss Gradient: 1.3164E-01 	lr: 1.00E-04

⟨|s_xx+g_x|⟩=5.545e-03   ⟨|s_xy+g_y|⟩=4.987e-03
Train Epoch: 1 [3840/10000 (38%)] 	Forcing Loss: 9.4463E-05 (w = 1.0E+00) 	Physics Loss: 2.6875E-05 (w = 1.0E-07) 	Loss Gradient: 1.1954E-01 	lr: 1.00E-04

⟨|s_xx+g_x|⟩=4.991e-03   ⟨|s_xy+g_y|⟩=4.905e-03
Train Epoch: 1 [3904/10000 (39%)] 	Forcing Loss: 8.4874E-05 (w = 1.0E+00) 	Physics Loss: 2.8645E-05 (w = 1.0E-07) 	Loss Gradient: 9.1678E-02 	lr: 1.00E-04

⟨|s_xx+g_x|⟩=5.659e-03   ⟨|s_xy+g_y|⟩=5.346e-03
Train Epoch: 1 [3968/10000 (39%)] 	Forcing Loss: 1.0512E-04 (w = 1.0E+00) 	Physics Loss: 2.8187E-05 (w = 1.0E-07) 	Loss Gradient: 1.4236E-01 	lr: 1.00E-04

⟨|s_xx+g_x|⟩=6.023e-03   ⟨|s_xy+g_y|⟩=5.669e-03
Train Epoch: 1 [4032/10000 (40%)] 	Forcing Loss: 1.1928E-04 (w = 1.0E+00) 	Physics Loss: 2.7972E-05 (w = 1.0E-07) 	Loss Gradient: 1.4541E-01 	lr: 1.00E-04

⟨|s_xx+g_x|⟩=5.869e-03   ⟨|s_xy+g_y|⟩=5.337e-03
Train Epoch: 1 [4096/10000 (41%)] 	Forcing Loss: 1.0682E-04 (w = 1.0E+00) 	Physics Loss: 2.8443E-05 (w = 1.0E-07) 	Loss Gradient: 1.0291E-01 	lr: 1.00E-04

⟨|s_xx+g_x|⟩=6.005e-03   ⟨|s_xy+g_y|⟩=5.326e-03
Train Epoch: 1 [4160/10000 (41%)] 	Forcing Loss: 1.2730E-04 (w = 1.0E+00) 	Physics Loss: 2.8595E-05 (w = 1.0E-07) 	Loss Gradient: 1.7001E-01 	lr: 1.00E-04

⟨|s_xx+g_x|⟩=5.396e-03   ⟨|s_xy+g_y|⟩=5.234e-03
Train Epoch: 1 [4224/10000 (42%)] 	Forcing Loss: 9.5360E-05 (w = 1.0E+00) 	Physics Loss: 2.9039E-05 (w = 1.0E-07) 	Loss Gradient: 1.5510E-01 	lr: 1.00E-04

⟨|s_xx+g_x|⟩=5.438e-03   ⟨|s_xy+g_y|⟩=5.394e-03
Train Epoch: 1 [4288/10000 (43%)] 	Forcing Loss: 9.8140E-05 (w = 1.0E+00) 	Physics Loss: 2.7607E-05 (w = 1.0E-07) 	Loss Gradient: 1.3272E-01 	lr: 1.00E-04

⟨|s_xx+g_x|⟩=5.030e-03   ⟨|s_xy+g_y|⟩=4.834e-03
Train Epoch: 1 [4352/10000 (43%)] 	Forcing Loss: 8.1194E-05 (w = 1.0E+00) 	Physics Loss: 2.7851E-05 (w = 1.0E-07) 	Loss Gradient: 8.6214E-02 	lr: 1.00E-04

⟨|s_xx+g_x|⟩=5.193e-03   ⟨|s_xy+g_y|⟩=5.027e-03
Train Epoch: 1 [4416/10000 (44%)] 	Forcing Loss: 8.8451E-05 (w = 1.0E+00) 	Physics Loss: 2.8488E-05 (w = 1.0E-07) 	Loss Gradient: 9.8238E-02 	lr: 1.00E-04

⟨|s_xx+g_x|⟩=5.092e-03   ⟨|s_xy+g_y|⟩=5.211e-03
Train Epoch: 1 [4480/10000 (45%)] 	Forcing Loss: 8.8371E-05 (w = 1.0E+00) 	Physics Loss: 2.8055E-05 (w = 1.0E-07) 	Loss Gradient: 1.1321E-01 	lr: 1.00E-04

⟨|s_xx+g_x|⟩=5.011e-03   ⟨|s_xy+g_y|⟩=4.701e-03
Train Epoch: 1 [4544/10000 (45%)] 	Forcing Loss: 7.9603E-05 (w = 1.0E+00) 	Physics Loss: 2.7707E-05 (w = 1.0E-07) 	Loss Gradient: 9.3859E-02 	lr: 1.00E-04

⟨|s_xx+g_x|⟩=4.840e-03   ⟨|s_xy+g_y|⟩=5.077e-03
Train Epoch: 1 [4608/10000 (46%)] 	Forcing Loss: 8.4730E-05 (w = 1.0E+00) 	Physics Loss: 2.6073E-05 (w = 1.0E-07) 	Loss Gradient: 6.2350E-02 	lr: 1.00E-04

⟨|s_xx+g_x|⟩=5.373e-03   ⟨|s_xy+g_y|⟩=4.966e-03
