Loading Data...
tensor([[ 0.7958,  0.8378,  0.8727,  ..., -0.7343, -0.6540, -0.5593],
        [ 0.4763,  0.5376,  0.5842,  ..., -0.5324, -0.5991, -0.6494],
        [ 1.1945,  1.1099,  1.0313,  ...,  0.2193,  0.3413,  0.4450],
        ...,
        [-1.4576, -1.5005, -1.5450,  ...,  0.3289,  0.2061,  0.0790],
        [-0.2440, -0.1982, -0.1567,  ..., -0.8100, -0.8054, -0.7753],
        [-0.5726, -0.5289, -0.4824,  ...,  0.3516,  0.3742,  0.4134]],
       device='cuda:0')
Total Data Memory Consumption:  7.78 MB
Number of DeepONet Parameters: 599736

⟨|s_xx+g_x|⟩=2.311e-02   ⟨|s_xy+g_y|⟩=2.025e-02
Train Epoch: 1 [0/10000 (0%)] 	Forcing Loss: 1.7041E-03 (w = 1.0E+00) 	Physics Loss: 8.6843E-03 (w = 1.0E+00) 	Loss Gradient: 5.0000E+00 	lr: 1.00E-04

⟨|s_xx+g_x|⟩=3.115e-01   ⟨|s_xy+g_y|⟩=2.664e-01
Train Epoch: 1 [64/10000 (1%)] 	Forcing Loss: 3.0988E-01 (w = 1.0E+00) 	Physics Loss: 3.2150E+00 (w = 1.0E+00) 	Loss Gradient: 5.0000E+00 	lr: 1.00E-04

⟨|s_xx+g_x|⟩=2.885e-01   ⟨|s_xy+g_y|⟩=2.272e-01
Train Epoch: 1 [128/10000 (1%)] 	Forcing Loss: 2.3771E-01 (w = 1.0E+00) 	Physics Loss: 3.0669E+00 (w = 1.0E+00) 	Loss Gradient: 5.0000E+00 	lr: 1.00E-04

⟨|s_xx+g_x|⟩=1.655e-01   ⟨|s_xy+g_y|⟩=9.987e-02
Train Epoch: 1 [192/10000 (2%)] 	Forcing Loss: 6.6145E-02 (w = 1.0E+00) 	Physics Loss: 1.5402E+00 (w = 1.0E+00) 	Loss Gradient: 5.0000E+00 	lr: 1.00E-04

⟨|s_xx+g_x|⟩=9.471e-02   ⟨|s_xy+g_y|⟩=7.505e-02
Train Epoch: 1 [256/10000 (3%)] 	Forcing Loss: 3.1367E-02 (w = 1.0E+00) 	Physics Loss: 8.6245E-01 (w = 1.0E+00) 	Loss Gradient: 5.0000E+00 	lr: 1.00E-04

⟨|s_xx+g_x|⟩=2.315e-01   ⟨|s_xy+g_y|⟩=2.080e-01
Train Epoch: 1 [320/10000 (3%)] 	Forcing Loss: 2.1086E-01 (w = 1.0E+00) 	Physics Loss: 4.0668E-01 (w = 1.0E+00) 	Loss Gradient: 5.0000E+00 	lr: 1.00E-04

⟨|s_xx+g_x|⟩=2.505e-01   ⟨|s_xy+g_y|⟩=2.842e-01
Train Epoch: 1 [384/10000 (4%)] 	Forcing Loss: 3.0133E-01 (w = 1.0E+00) 	Physics Loss: 1.8861E-01 (w = 1.0E+00) 	Loss Gradient: 5.0000E+00 	lr: 1.00E-04

⟨|s_xx+g_x|⟩=2.613e-01   ⟨|s_xy+g_y|⟩=2.609e-01
Train Epoch: 1 [448/10000 (4%)] 	Forcing Loss: 2.6204E-01 (w = 1.0E+00) 	Physics Loss: 1.6152E-01 (w = 1.0E+00) 	Loss Gradient: 5.0000E+00 	lr: 1.00E-04

⟨|s_xx+g_x|⟩=2.261e-01   ⟨|s_xy+g_y|⟩=2.120e-01
Train Epoch: 1 [512/10000 (5%)] 	Forcing Loss: 1.7645E-01 (w = 1.0E+00) 	Physics Loss: 2.1302E-01 (w = 1.0E+00) 	Loss Gradient: 5.0000E+00 	lr: 1.00E-04

⟨|s_xx+g_x|⟩=1.536e-01   ⟨|s_xy+g_y|⟩=1.587e-01
Train Epoch: 1 [576/10000 (6%)] 	Forcing Loss: 8.0760E-02 (w = 1.0E+00) 	Physics Loss: 2.4574E-01 (w = 1.0E+00) 	Loss Gradient: 5.0000E+00 	lr: 1.00E-04

⟨|s_xx+g_x|⟩=1.129e-01   ⟨|s_xy+g_y|⟩=1.324e-01
Train Epoch: 1 [640/10000 (6%)] 	Forcing Loss: 4.9018E-02 (w = 1.0E+00) 	Physics Loss: 2.5439E-01 (w = 1.0E+00) 	Loss Gradient: 5.0000E+00 	lr: 1.00E-04

⟨|s_xx+g_x|⟩=1.137e-01   ⟨|s_xy+g_y|⟩=1.276e-01
Train Epoch: 1 [704/10000 (7%)] 	Forcing Loss: 4.9730E-02 (w = 1.0E+00) 	Physics Loss: 1.8472E-01 (w = 1.0E+00) 	Loss Gradient: 5.0000E+00 	lr: 1.00E-04

⟨|s_xx+g_x|⟩=1.092e-01   ⟨|s_xy+g_y|⟩=1.353e-01
Train Epoch: 1 [768/10000 (8%)] 	Forcing Loss: 5.2336E-02 (w = 1.0E+00) 	Physics Loss: 1.7004E-01 (w = 1.0E+00) 	Loss Gradient: 5.0000E+00 	lr: 1.00E-04

⟨|s_xx+g_x|⟩=1.051e-01   ⟨|s_xy+g_y|⟩=1.344e-01
Train Epoch: 1 [832/10000 (8%)] 	Forcing Loss: 4.8028E-02 (w = 1.0E+00) 	Physics Loss: 1.6005E-01 (w = 1.0E+00) 	Loss Gradient: 5.0000E+00 	lr: 1.00E-04

⟨|s_xx+g_x|⟩=1.067e-01   ⟨|s_xy+g_y|⟩=1.326e-01
Train Epoch: 1 [896/10000 (9%)] 	Forcing Loss: 4.8497E-02 (w = 1.0E+00) 	Physics Loss: 1.1659E-01 (w = 1.0E+00) 	Loss Gradient: 5.0000E+00 	lr: 1.00E-04

⟨|s_xx+g_x|⟩=1.304e-01   ⟨|s_xy+g_y|⟩=1.399e-01
Train Epoch: 1 [960/10000 (10%)] 	Forcing Loss: 6.2820E-02 (w = 1.0E+00) 	Physics Loss: 9.6009E-02 (w = 1.0E+00) 	Loss Gradient: 5.0000E+00 	lr: 1.00E-04

⟨|s_xx+g_x|⟩=1.028e-01   ⟨|s_xy+g_y|⟩=1.270e-01
Train Epoch: 1 [1024/10000 (10%)] 	Forcing Loss: 4.3693E-02 (w = 1.0E+00) 	Physics Loss: 9.0898E-02 (w = 1.0E+00) 	Loss Gradient: 5.0000E+00 	lr: 1.00E-04

⟨|s_xx+g_x|⟩=7.565e-02   ⟨|s_xy+g_y|⟩=9.995e-02
Train Epoch: 1 [1088/10000 (11%)] 	Forcing Loss: 2.6437E-02 (w = 1.0E+00) 	Physics Loss: 7.8865E-02 (w = 1.0E+00) 	Loss Gradient: 5.0000E+00 	lr: 1.00E-04

⟨|s_xx+g_x|⟩=6.415e-02   ⟨|s_xy+g_y|⟩=7.665e-02
Train Epoch: 1 [1152/10000 (11%)] 	Forcing Loss: 1.6738E-02 (w = 1.0E+00) 	Physics Loss: 7.5389E-02 (w = 1.0E+00) 	Loss Gradient: 5.0000E+00 	lr: 1.00E-04

⟨|s_xx+g_x|⟩=5.618e-02   ⟨|s_xy+g_y|⟩=6.569e-02
Train Epoch: 1 [1216/10000 (12%)] 	Forcing Loss: 1.2618E-02 (w = 1.0E+00) 	Physics Loss: 6.9030E-02 (w = 1.0E+00) 	Loss Gradient: 5.0000E+00 	lr: 1.00E-04

⟨|s_xx+g_x|⟩=6.961e-02   ⟨|s_xy+g_y|⟩=7.851e-02
Train Epoch: 1 [1280/10000 (13%)] 	Forcing Loss: 1.8804E-02 (w = 1.0E+00) 	Physics Loss: 6.9083E-02 (w = 1.0E+00) 	Loss Gradient: 5.0000E+00 	lr: 1.00E-04

⟨|s_xx+g_x|⟩=6.320e-02   ⟨|s_xy+g_y|⟩=7.192e-02
Train Epoch: 1 [1344/10000 (13%)] 	Forcing Loss: 1.5975E-02 (w = 1.0E+00) 	Physics Loss: 5.0776E-02 (w = 1.0E+00) 	Loss Gradient: 5.0000E+00 	lr: 1.00E-04

⟨|s_xx+g_x|⟩=5.144e-02   ⟨|s_xy+g_y|⟩=4.930e-02
Train Epoch: 1 [1408/10000 (14%)] 	Forcing Loss: 8.6579E-03 (w = 1.0E+00) 	Physics Loss: 4.8424E-02 (w = 1.0E+00) 	Loss Gradient: 5.0000E+00 	lr: 1.00E-04

⟨|s_xx+g_x|⟩=4.928e-02   ⟨|s_xy+g_y|⟩=5.364e-02
Train Epoch: 1 [1472/10000 (15%)] 	Forcing Loss: 9.2807E-03 (w = 1.0E+00) 	Physics Loss: 5.0179E-02 (w = 1.0E+00) 	Loss Gradient: 5.0000E+00 	lr: 1.00E-04

⟨|s_xx+g_x|⟩=4.774e-02   ⟨|s_xy+g_y|⟩=4.718e-02
Train Epoch: 1 [1536/10000 (15%)] 	Forcing Loss: 7.5928E-03 (w = 1.0E+00) 	Physics Loss: 5.9428E-02 (w = 1.0E+00) 	Loss Gradient: 5.0000E+00 	lr: 1.00E-04

⟨|s_xx+g_x|⟩=5.509e-02   ⟨|s_xy+g_y|⟩=5.455e-02
Train Epoch: 1 [1600/10000 (16%)] 	Forcing Loss: 1.0653E-02 (w = 1.0E+00) 	Physics Loss: 6.0837E-02 (w = 1.0E+00) 	Loss Gradient: 5.0000E+00 	lr: 1.00E-04

⟨|s_xx+g_x|⟩=5.842e-02   ⟨|s_xy+g_y|⟩=6.228e-02
Train Epoch: 1 [1664/10000 (17%)] 	Forcing Loss: 1.2568E-02 (w = 1.0E+00) 	Physics Loss: 4.4065E-02 (w = 1.0E+00) 	Loss Gradient: 5.0000E+00 	lr: 1.00E-04

⟨|s_xx+g_x|⟩=4.931e-02   ⟨|s_xy+g_y|⟩=5.218e-02
Train Epoch: 1 [1728/10000 (17%)] 	Forcing Loss: 8.8393E-03 (w = 1.0E+00) 	Physics Loss: 3.5324E-02 (w = 1.0E+00) 	Loss Gradient: 5.0000E+00 	lr: 1.00E-04

⟨|s_xx+g_x|⟩=4.737e-02   ⟨|s_xy+g_y|⟩=4.674e-02
Train Epoch: 1 [1792/10000 (18%)] 	Forcing Loss: 7.3017E-03 (w = 1.0E+00) 	Physics Loss: 3.4050E-02 (w = 1.0E+00) 	Loss Gradient: 5.0000E+00 	lr: 1.00E-04

⟨|s_xx+g_x|⟩=4.326e-02   ⟨|s_xy+g_y|⟩=4.468e-02
Train Epoch: 1 [1856/10000 (18%)] 	Forcing Loss: 6.1271E-03 (w = 1.0E+00) 	Physics Loss: 4.2683E-02 (w = 1.0E+00) 	Loss Gradient: 5.0000E+00 	lr: 1.00E-04

⟨|s_xx+g_x|⟩=4.893e-02   ⟨|s_xy+g_y|⟩=4.665e-02
Train Epoch: 1 [1920/10000 (19%)] 	Forcing Loss: 7.6610E-03 (w = 1.0E+00) 	Physics Loss: 4.0429E-02 (w = 1.0E+00) 	Loss Gradient: 5.0000E+00 	lr: 1.00E-04

⟨|s_xx+g_x|⟩=4.801e-02   ⟨|s_xy+g_y|⟩=4.943e-02
Train Epoch: 1 [1984/10000 (20%)] 	Forcing Loss: 7.8810E-03 (w = 1.0E+00) 	Physics Loss: 2.9703E-02 (w = 1.0E+00) 	Loss Gradient: 5.0000E+00 	lr: 1.00E-04

⟨|s_xx+g_x|⟩=3.237e-02   ⟨|s_xy+g_y|⟩=3.636e-02
Train Epoch: 1 [2048/10000 (20%)] 	Forcing Loss: 4.0137E-03 (w = 1.0E+00) 	Physics Loss: 2.8325E-02 (w = 1.0E+00) 	Loss Gradient: 5.0000E+00 	lr: 1.00E-04

⟨|s_xx+g_x|⟩=3.290e-02   ⟨|s_xy+g_y|⟩=3.640e-02
Train Epoch: 1 [2112/10000 (21%)] 	Forcing Loss: 4.1504E-03 (w = 1.0E+00) 	Physics Loss: 2.4942E-02 (w = 1.0E+00) 	Loss Gradient: 5.0000E+00 	lr: 1.00E-04

⟨|s_xx+g_x|⟩=4.755e-02   ⟨|s_xy+g_y|⟩=4.848e-02
Train Epoch: 1 [2176/10000 (22%)] 	Forcing Loss: 7.9557E-03 (w = 1.0E+00) 	Physics Loss: 1.9450E-02 (w = 1.0E+00) 	Loss Gradient: 5.0000E+00 	lr: 1.00E-04

⟨|s_xx+g_x|⟩=4.330e-02   ⟨|s_xy+g_y|⟩=4.654e-02
Train Epoch: 1 [2240/10000 (22%)] 	Forcing Loss: 6.9563E-03 (w = 1.0E+00) 	Physics Loss: 3.2831E-02 (w = 1.0E+00) 	Loss Gradient: 5.0000E+00 	lr: 1.00E-04

⟨|s_xx+g_x|⟩=3.566e-02   ⟨|s_xy+g_y|⟩=3.661e-02
Train Epoch: 1 [2304/10000 (23%)] 	Forcing Loss: 4.5070E-03 (w = 1.0E+00) 	Physics Loss: 2.9404E-02 (w = 1.0E+00) 	Loss Gradient: 5.0000E+00 	lr: 1.00E-04

⟨|s_xx+g_x|⟩=3.479e-02   ⟨|s_xy+g_y|⟩=3.673e-02
Train Epoch: 1 [2368/10000 (24%)] 	Forcing Loss: 4.5823E-03 (w = 1.0E+00) 	Physics Loss: 2.4124E-02 (w = 1.0E+00) 	Loss Gradient: 5.0000E+00 	lr: 1.00E-04

⟨|s_xx+g_x|⟩=3.690e-02   ⟨|s_xy+g_y|⟩=3.821e-02
Train Epoch: 1 [2432/10000 (24%)] 	Forcing Loss: 4.5584E-03 (w = 1.0E+00) 	Physics Loss: 2.2510E-02 (w = 1.0E+00) 	Loss Gradient: 5.0000E+00 	lr: 1.00E-04

⟨|s_xx+g_x|⟩=3.554e-02   ⟨|s_xy+g_y|⟩=3.436e-02
Train Epoch: 1 [2496/10000 (25%)] 	Forcing Loss: 4.0922E-03 (w = 1.0E+00) 	Physics Loss: 1.8174E-02 (w = 1.0E+00) 	Loss Gradient: 5.0000E+00 	lr: 1.00E-04

⟨|s_xx+g_x|⟩=2.939e-02   ⟨|s_xy+g_y|⟩=2.643e-02
Train Epoch: 1 [2560/10000 (25%)] 	Forcing Loss: 2.5816E-03 (w = 1.0E+00) 	Physics Loss: 1.7161E-02 (w = 1.0E+00) 	Loss Gradient: 5.0000E+00 	lr: 1.00E-04

⟨|s_xx+g_x|⟩=2.740e-02   ⟨|s_xy+g_y|⟩=2.384e-02
Train Epoch: 1 [2624/10000 (26%)] 	Forcing Loss: 2.2069E-03 (w = 1.0E+00) 	Physics Loss: 2.0613E-02 (w = 1.0E+00) 	Loss Gradient: 5.0000E+00 	lr: 1.00E-04

⟨|s_xx+g_x|⟩=4.123e-02   ⟨|s_xy+g_y|⟩=3.745e-02
Train Epoch: 1 [2688/10000 (27%)] 	Forcing Loss: 5.7030E-03 (w = 1.0E+00) 	Physics Loss: 1.5864E-02 (w = 1.0E+00) 	Loss Gradient: 5.0000E+00 	lr: 1.00E-04

⟨|s_xx+g_x|⟩=3.954e-02   ⟨|s_xy+g_y|⟩=3.406e-02
Train Epoch: 1 [2752/10000 (27%)] 	Forcing Loss: 4.7795E-03 (w = 1.0E+00) 	Physics Loss: 1.8951E-02 (w = 1.0E+00) 	Loss Gradient: 5.0000E+00 	lr: 1.00E-04

⟨|s_xx+g_x|⟩=2.604e-02   ⟨|s_xy+g_y|⟩=2.439e-02
Train Epoch: 1 [2816/10000 (28%)] 	Forcing Loss: 2.0720E-03 (w = 1.0E+00) 	Physics Loss: 1.9783E-02 (w = 1.0E+00) 	Loss Gradient: 5.0000E+00 	lr: 1.00E-04

⟨|s_xx+g_x|⟩=2.493e-02   ⟨|s_xy+g_y|⟩=2.467e-02
Train Epoch: 1 [2880/10000 (29%)] 	Forcing Loss: 2.1619E-03 (w = 1.0E+00) 	Physics Loss: 1.7061E-02 (w = 1.0E+00) 	Loss Gradient: 5.0000E+00 	lr: 1.00E-04

⟨|s_xx+g_x|⟩=3.095e-02   ⟨|s_xy+g_y|⟩=2.488e-02
Train Epoch: 1 [2944/10000 (29%)] 	Forcing Loss: 2.7714E-03 (w = 1.0E+00) 	Physics Loss: 1.3149E-02 (w = 1.0E+00) 	Loss Gradient: 5.0000E+00 	lr: 1.00E-04

⟨|s_xx+g_x|⟩=2.627e-02   ⟨|s_xy+g_y|⟩=2.639e-02
Train Epoch: 1 [3008/10000 (30%)] 	Forcing Loss: 2.3252E-03 (w = 1.0E+00) 	Physics Loss: 1.5826E-02 (w = 1.0E+00) 	Loss Gradient: 5.0000E+00 	lr: 1.00E-04

⟨|s_xx+g_x|⟩=2.617e-02   ⟨|s_xy+g_y|⟩=2.284e-02
Train Epoch: 1 [3072/10000 (31%)] 	Forcing Loss: 2.2640E-03 (w = 1.0E+00) 	Physics Loss: 1.3694E-02 (w = 1.0E+00) 	Loss Gradient: 5.0000E+00 	lr: 1.00E-04

⟨|s_xx+g_x|⟩=2.450e-02   ⟨|s_xy+g_y|⟩=2.068e-02
Train Epoch: 1 [3136/10000 (31%)] 	Forcing Loss: 1.9355E-03 (w = 1.0E+00) 	Physics Loss: 1.4788E-02 (w = 1.0E+00) 	Loss Gradient: 5.0000E+00 	lr: 1.00E-04

⟨|s_xx+g_x|⟩=3.111e-02   ⟨|s_xy+g_y|⟩=2.997e-02
Train Epoch: 1 [3200/10000 (32%)] 	Forcing Loss: 3.3091E-03 (w = 1.0E+00) 	Physics Loss: 1.2732E-02 (w = 1.0E+00) 	Loss Gradient: 5.0000E+00 	lr: 1.00E-04

⟨|s_xx+g_x|⟩=2.968e-02   ⟨|s_xy+g_y|⟩=3.021e-02
Train Epoch: 1 [3264/10000 (32%)] 	Forcing Loss: 3.1607E-03 (w = 1.0E+00) 	Physics Loss: 1.2490E-02 (w = 1.0E+00) 	Loss Gradient: 5.0000E+00 	lr: 1.00E-04

⟨|s_xx+g_x|⟩=1.960e-02   ⟨|s_xy+g_y|⟩=1.878e-02
Train Epoch: 1 [3328/10000 (33%)] 	Forcing Loss: 1.2367E-03 (w = 1.0E+00) 	Physics Loss: 1.3175E-02 (w = 1.0E+00) 	Loss Gradient: 5.0000E+00 	lr: 1.00E-04

⟨|s_xx+g_x|⟩=1.976e-02   ⟨|s_xy+g_y|⟩=1.767e-02
Train Epoch: 1 [3392/10000 (34%)] 	Forcing Loss: 1.1968E-03 (w = 1.0E+00) 	Physics Loss: 1.0803E-02 (w = 1.0E+00) 	Loss Gradient: 5.0000E+00 	lr: 1.00E-04

⟨|s_xx+g_x|⟩=3.266e-02   ⟨|s_xy+g_y|⟩=2.809e-02
Train Epoch: 1 [3456/10000 (34%)] 	Forcing Loss: 3.2794E-03 (w = 1.0E+00) 	Physics Loss: 1.2376E-02 (w = 1.0E+00) 	Loss Gradient: 5.0000E+00 	lr: 1.00E-04

⟨|s_xx+g_x|⟩=2.973e-02   ⟨|s_xy+g_y|⟩=2.554e-02
Train Epoch: 1 [3520/10000 (35%)] 	Forcing Loss: 2.6839E-03 (w = 1.0E+00) 	Physics Loss: 1.1711E-02 (w = 1.0E+00) 	Loss Gradient: 5.0000E+00 	lr: 1.00E-04

⟨|s_xx+g_x|⟩=2.104e-02   ⟨|s_xy+g_y|⟩=1.735e-02
Train Epoch: 1 [3584/10000 (36%)] 	Forcing Loss: 1.2882E-03 (w = 1.0E+00) 	Physics Loss: 1.1635E-02 (w = 1.0E+00) 	Loss Gradient: 5.0000E+00 	lr: 1.00E-04

⟨|s_xx+g_x|⟩=2.103e-02   ⟨|s_xy+g_y|⟩=1.692e-02
Train Epoch: 1 [3648/10000 (36%)] 	Forcing Loss: 1.3078E-03 (w = 1.0E+00) 	Physics Loss: 9.5021E-03 (w = 1.0E+00) 	Loss Gradient: 5.0000E+00 	lr: 1.00E-04

⟨|s_xx+g_x|⟩=2.708e-02   ⟨|s_xy+g_y|⟩=2.523e-02
Train Epoch: 1 [3712/10000 (37%)] 	Forcing Loss: 2.4072E-03 (w = 1.0E+00) 	Physics Loss: 8.5231E-03 (w = 1.0E+00) 	Loss Gradient: 5.0000E+00 	lr: 1.00E-04

⟨|s_xx+g_x|⟩=2.603e-02   ⟨|s_xy+g_y|⟩=2.584e-02
Train Epoch: 1 [3776/10000 (38%)] 	Forcing Loss: 2.2364E-03 (w = 1.0E+00) 	Physics Loss: 1.0121E-02 (w = 1.0E+00) 	Loss Gradient: 5.0000E+00 	lr: 1.00E-04

⟨|s_xx+g_x|⟩=2.149e-02   ⟨|s_xy+g_y|⟩=1.926e-02
Train Epoch: 1 [3840/10000 (38%)] 	Forcing Loss: 1.4622E-03 (w = 1.0E+00) 	Physics Loss: 9.4062E-03 (w = 1.0E+00) 	Loss Gradient: 5.0000E+00 	lr: 1.00E-04

⟨|s_xx+g_x|⟩=1.980e-02   ⟨|s_xy+g_y|⟩=1.790e-02
Train Epoch: 1 [3904/10000 (39%)] 	Forcing Loss: 1.2613E-03 (w = 1.0E+00) 	Physics Loss: 9.8535E-03 (w = 1.0E+00) 	Loss Gradient: 5.0000E+00 	lr: 1.00E-04

⟨|s_xx+g_x|⟩=2.512e-02   ⟨|s_xy+g_y|⟩=2.169e-02
Train Epoch: 1 [3968/10000 (39%)] 	Forcing Loss: 1.8958E-03 (w = 1.0E+00) 	Physics Loss: 8.1131E-03 (w = 1.0E+00) 	Loss Gradient: 5.0000E+00 	lr: 1.00E-04

⟨|s_xx+g_x|⟩=2.636e-02   ⟨|s_xy+g_y|⟩=2.279e-02
Train Epoch: 1 [4032/10000 (40%)] 	Forcing Loss: 2.1681E-03 (w = 1.0E+00) 	Physics Loss: 8.3601E-03 (w = 1.0E+00) 	Loss Gradient: 5.0000E+00 	lr: 1.00E-04

⟨|s_xx+g_x|⟩=2.006e-02   ⟨|s_xy+g_y|⟩=1.549e-02
Train Epoch: 1 [4096/10000 (41%)] 	Forcing Loss: 1.1192E-03 (w = 1.0E+00) 	Physics Loss: 9.1582E-03 (w = 1.0E+00) 	Loss Gradient: 5.0000E+00 	lr: 1.00E-04

⟨|s_xx+g_x|⟩=1.850e-02   ⟨|s_xy+g_y|⟩=1.735e-02
Train Epoch: 1 [4160/10000 (41%)] 	Forcing Loss: 1.0743E-03 (w = 1.0E+00) 	Physics Loss: 7.5893E-03 (w = 1.0E+00) 	Loss Gradient: 5.0000E+00 	lr: 1.00E-04

⟨|s_xx+g_x|⟩=2.666e-02   ⟨|s_xy+g_y|⟩=2.298e-02
Train Epoch: 1 [4224/10000 (42%)] 	Forcing Loss: 2.2193E-03 (w = 1.0E+00) 	Physics Loss: 8.4104E-03 (w = 1.0E+00) 	Loss Gradient: 5.0000E+00 	lr: 1.00E-04

⟨|s_xx+g_x|⟩=2.449e-02   ⟨|s_xy+g_y|⟩=2.095e-02
Train Epoch: 1 [4288/10000 (43%)] 	Forcing Loss: 1.8479E-03 (w = 1.0E+00) 	Physics Loss: 7.7766E-03 (w = 1.0E+00) 	Loss Gradient: 5.0000E+00 	lr: 1.00E-04

⟨|s_xx+g_x|⟩=1.936e-02   ⟨|s_xy+g_y|⟩=1.783e-02
Train Epoch: 1 [4352/10000 (43%)] 	Forcing Loss: 1.3958E-03 (w = 1.0E+00) 	Physics Loss: 6.9036E-03 (w = 1.0E+00) 	Loss Gradient: 5.0000E+00 	lr: 1.00E-04

⟨|s_xx+g_x|⟩=2.032e-02   ⟨|s_xy+g_y|⟩=1.624e-02
Train Epoch: 1 [4416/10000 (44%)] 	Forcing Loss: 1.3973E-03 (w = 1.0E+00) 	Physics Loss: 7.3657E-03 (w = 1.0E+00) 	Loss Gradient: 5.0000E+00 	lr: 1.00E-04

⟨|s_xx+g_x|⟩=2.612e-02   ⟨|s_xy+g_y|⟩=2.298e-02
Train Epoch: 1 [4480/10000 (45%)] 	Forcing Loss: 2.0667E-03 (w = 1.0E+00) 	Physics Loss: 7.1363E-03 (w = 1.0E+00) 	Loss Gradient: 5.0000E+00 	lr: 1.00E-04

⟨|s_xx+g_x|⟩=2.566e-02   ⟨|s_xy+g_y|⟩=2.121e-02
Train Epoch: 1 [4544/10000 (45%)] 	Forcing Loss: 1.9339E-03 (w = 1.0E+00) 	Physics Loss: 6.2965E-03 (w = 1.0E+00) 	Loss Gradient: 5.0000E+00 	lr: 1.00E-04

⟨|s_xx+g_x|⟩=1.996e-02   ⟨|s_xy+g_y|⟩=1.643e-02
Train Epoch: 1 [4608/10000 (46%)] 	Forcing Loss: 1.2414E-03 (w = 1.0E+00) 	Physics Loss: 9.0080E-03 (w = 1.0E+00) 	Loss Gradient: 5.0000E+00 	lr: 1.00E-04

⟨|s_xx+g_x|⟩=1.841e-02   ⟨|s_xy+g_y|⟩=1.479e-02
Train Epoch: 1 [4672/10000 (46%)] 	Forcing Loss: 9.9358E-04 (w = 1.0E+00) 	Physics Loss: 8.0369E-03 (w = 1.0E+00) 	Loss Gradient: 5.0000E+00 	lr: 1.00E-04

⟨|s_xx+g_x|⟩=2.699e-02   ⟨|s_xy+g_y|⟩=2.083e-02
Train Epoch: 1 [4736/10000 (47%)] 	Forcing Loss: 2.0714E-03 (w = 1.0E+00) 	Physics Loss: 7.2264E-03 (w = 1.0E+00) 	Loss Gradient: 5.0000E+00 	lr: 1.00E-04

⟨|s_xx+g_x|⟩=2.220e-02   ⟨|s_xy+g_y|⟩=1.887e-02
Train Epoch: 1 [4800/10000 (48%)] 	Forcing Loss: 1.4937E-03 (w = 1.0E+00) 	Physics Loss: 7.1743E-03 (w = 1.0E+00) 	Loss Gradient: 5.0000E+00 	lr: 1.00E-04

⟨|s_xx+g_x|⟩=1.989e-02   ⟨|s_xy+g_y|⟩=1.698e-02
Train Epoch: 1 [4864/10000 (48%)] 	Forcing Loss: 1.1961E-03 (w = 1.0E+00) 	Physics Loss: 8.3630E-03 (w = 1.0E+00) 	Loss Gradient: 5.0000E+00 	lr: 1.00E-04

⟨|s_xx+g_x|⟩=1.855e-02   ⟨|s_xy+g_y|⟩=1.629e-02
Train Epoch: 1 [4928/10000 (49%)] 	Forcing Loss: 1.1393E-03 (w = 1.0E+00) 	Physics Loss: 1.0197E-02 (w = 1.0E+00) 	Loss Gradient: 5.0000E+00 	lr: 1.00E-04

⟨|s_xx+g_x|⟩=2.537e-02   ⟨|s_xy+g_y|⟩=2.073e-02
Train Epoch: 1 [4992/10000 (50%)] 	Forcing Loss: 1.8588E-03 (w = 1.0E+00) 	Physics Loss: 6.9484E-03 (w = 1.0E+00) 	Loss Gradient: 5.0000E+00 	lr: 1.00E-04

⟨|s_xx+g_x|⟩=2.331e-02   ⟨|s_xy+g_y|⟩=1.962e-02
Train Epoch: 1 [5056/10000 (50%)] 	Forcing Loss: 1.7249E-03 (w = 1.0E+00) 	Physics Loss: 8.6829E-03 (w = 1.0E+00) 	Loss Gradient: 5.0000E+00 	lr: 1.00E-04

⟨|s_xx+g_x|⟩=1.960e-02   ⟨|s_xy+g_y|⟩=1.692e-02
Train Epoch: 1 [5120/10000 (51%)] 	Forcing Loss: 1.1847E-03 (w = 1.0E+00) 	Physics Loss: 7.9165E-03 (w = 1.0E+00) 	Loss Gradient: 5.0000E+00 	lr: 1.00E-04

⟨|s_xx+g_x|⟩=1.777e-02   ⟨|s_xy+g_y|⟩=1.532e-02
Train Epoch: 1 [5184/10000 (52%)] 	Forcing Loss: 9.4705E-04 (w = 1.0E+00) 	Physics Loss: 7.2673E-03 (w = 1.0E+00) 	Loss Gradient: 5.0000E+00 	lr: 1.00E-04

⟨|s_xx+g_x|⟩=2.691e-02   ⟨|s_xy+g_y|⟩=2.207e-02
Train Epoch: 1 [5248/10000 (52%)] 	Forcing Loss: 2.1789E-03 (w = 1.0E+00) 	Physics Loss: 7.4830E-03 (w = 1.0E+00) 	Loss Gradient: 5.0000E+00 	lr: 1.00E-04

⟨|s_xx+g_x|⟩=2.681e-02   ⟨|s_xy+g_y|⟩=2.179e-02
Train Epoch: 1 [5312/10000 (53%)] 	Forcing Loss: 2.0806E-03 (w = 1.0E+00) 	Physics Loss: 6.9235E-03 (w = 1.0E+00) 	Loss Gradient: 5.0000E+00 	lr: 1.00E-04

⟨|s_xx+g_x|⟩=1.871e-02   ⟨|s_xy+g_y|⟩=1.550e-02
Train Epoch: 1 [5376/10000 (54%)] 	Forcing Loss: 1.1007E-03 (w = 1.0E+00) 	Physics Loss: 8.4409E-03 (w = 1.0E+00) 	Loss Gradient: 5.0000E+00 	lr: 1.00E-04

⟨|s_xx+g_x|⟩=1.695e-02   ⟨|s_xy+g_y|⟩=1.397e-02
Train Epoch: 1 [5440/10000 (54%)] 	Forcing Loss: 8.5217E-04 (w = 1.0E+00) 	Physics Loss: 6.5871E-03 (w = 1.0E+00) 	Loss Gradient: 5.0000E+00 	lr: 1.00E-04

⟨|s_xx+g_x|⟩=2.672e-02   ⟨|s_xy+g_y|⟩=2.114e-02
Train Epoch: 1 [5504/10000 (55%)] 	Forcing Loss: 2.1177E-03 (w = 1.0E+00) 	Physics Loss: 7.6488E-03 (w = 1.0E+00) 	Loss Gradient: 5.0000E+00 	lr: 1.00E-04

⟨|s_xx+g_x|⟩=2.381e-02   ⟨|s_xy+g_y|⟩=2.048e-02
Train Epoch: 1 [5568/10000 (55%)] 	Forcing Loss: 1.7455E-03 (w = 1.0E+00) 	Physics Loss: 8.1442E-03 (w = 1.0E+00) 	Loss Gradient: 5.0000E+00 	lr: 1.00E-04

⟨|s_xx+g_x|⟩=2.224e-02   ⟨|s_xy+g_y|⟩=1.644e-02
Train Epoch: 1 [5632/10000 (56%)] 	Forcing Loss: 1.4420E-03 (w = 1.0E+00) 	Physics Loss: 7.8863E-03 (w = 1.0E+00) 	Loss Gradient: 5.0000E+00 	lr: 1.00E-04

⟨|s_xx+g_x|⟩=1.913e-02   ⟨|s_xy+g_y|⟩=1.561e-02
Train Epoch: 1 [5696/10000 (57%)] 	Forcing Loss: 1.2137E-03 (w = 1.0E+00) 	Physics Loss: 7.7317E-03 (w = 1.0E+00) 	Loss Gradient: 5.0000E+00 	lr: 1.00E-04

⟨|s_xx+g_x|⟩=2.486e-02   ⟨|s_xy+g_y|⟩=2.096e-02
Train Epoch: 1 [5760/10000 (57%)] 	Forcing Loss: 1.8423E-03 (w = 1.0E+00) 	Physics Loss: 7.0440E-03 (w = 1.0E+00) 	Loss Gradient: 5.0000E+00 	lr: 1.00E-04

⟨|s_xx+g_x|⟩=2.240e-02   ⟨|s_xy+g_y|⟩=1.929e-02
Train Epoch: 1 [5824/10000 (58%)] 	Forcing Loss: 1.5448E-03 (w = 1.0E+00) 	Physics Loss: 7.0873E-03 (w = 1.0E+00) 	Loss Gradient: 5.0000E+00 	lr: 1.00E-04

⟨|s_xx+g_x|⟩=2.075e-02   ⟨|s_xy+g_y|⟩=1.629e-02
Train Epoch: 1 [5888/10000 (59%)] 	Forcing Loss: 1.3292E-03 (w = 1.0E+00) 	Physics Loss: 7.1886E-03 (w = 1.0E+00) 	Loss Gradient: 5.0000E+00 	lr: 1.00E-04

⟨|s_xx+g_x|⟩=1.918e-02   ⟨|s_xy+g_y|⟩=1.467e-02
Train Epoch: 1 [5952/10000 (59%)] 	Forcing Loss: 1.0138E-03 (w = 1.0E+00) 	Physics Loss: 8.1940E-03 (w = 1.0E+00) 	Loss Gradient: 5.0000E+00 	lr: 1.00E-04

⟨|s_xx+g_x|⟩=2.298e-02   ⟨|s_xy+g_y|⟩=2.327e-02
Train Epoch: 1 [6016/10000 (60%)] 	Forcing Loss: 1.9689E-03 (w = 1.0E+00) 	Physics Loss: 6.6367E-03 (w = 1.0E+00) 	Loss Gradient: 5.0000E+00 	lr: 1.00E-04

⟨|s_xx+g_x|⟩=2.519e-02   ⟨|s_xy+g_y|⟩=1.868e-02
Train Epoch: 1 [6080/10000 (61%)] 	Forcing Loss: 1.9595E-03 (w = 1.0E+00) 	Physics Loss: 8.2179E-03 (w = 1.0E+00) 	Loss Gradient: 5.0000E+00 	lr: 1.00E-04

⟨|s_xx+g_x|⟩=1.710e-02   ⟨|s_xy+g_y|⟩=1.565e-02
Train Epoch: 1 [6144/10000 (61%)] 	Forcing Loss: 9.7618E-04 (w = 1.0E+00) 	Physics Loss: 7.8692E-03 (w = 1.0E+00) 	Loss Gradient: 5.0000E+00 	lr: 1.00E-04

⟨|s_xx+g_x|⟩=1.781e-02   ⟨|s_xy+g_y|⟩=1.375e-02
Train Epoch: 1 [6208/10000 (62%)] 	Forcing Loss: 9.2170E-04 (w = 1.0E+00) 	Physics Loss: 8.6886E-03 (w = 1.0E+00) 	Loss Gradient: 5.0000E+00 	lr: 1.00E-04

⟨|s_xx+g_x|⟩=2.663e-02   ⟨|s_xy+g_y|⟩=2.282e-02
Train Epoch: 1 [6272/10000 (62%)] 	Forcing Loss: 2.2631E-03 (w = 1.0E+00) 	Physics Loss: 6.7493E-03 (w = 1.0E+00) 	Loss Gradient: 5.0000E+00 	lr: 1.00E-04

⟨|s_xx+g_x|⟩=2.179e-02   ⟨|s_xy+g_y|⟩=1.980e-02
Train Epoch: 1 [6336/10000 (63%)] 	Forcing Loss: 1.5706E-03 (w = 1.0E+00) 	Physics Loss: 8.7276E-03 (w = 1.0E+00) 	Loss Gradient: 5.0000E+00 	lr: 1.00E-04

⟨|s_xx+g_x|⟩=2.192e-02   ⟨|s_xy+g_y|⟩=1.588e-02
Train Epoch: 1 [6400/10000 (64%)] 	Forcing Loss: 1.3535E-03 (w = 1.0E+00) 	Physics Loss: 8.2150E-03 (w = 1.0E+00) 	Loss Gradient: 5.0000E+00 	lr: 1.00E-04

⟨|s_xx+g_x|⟩=1.758e-02   ⟨|s_xy+g_y|⟩=1.360e-02
Train Epoch: 1 [6464/10000 (64%)] 	Forcing Loss: 8.8771E-04 (w = 1.0E+00) 	Physics Loss: 7.0947E-03 (w = 1.0E+00) 	Loss Gradient: 5.0000E+00 	lr: 1.00E-04

⟨|s_xx+g_x|⟩=2.473e-02   ⟨|s_xy+g_y|⟩=2.364e-02
Train Epoch: 1 [6528/10000 (65%)] 	Forcing Loss: 2.1585E-03 (w = 1.0E+00) 	Physics Loss: 6.9591E-03 (w = 1.0E+00) 	Loss Gradient: 5.0000E+00 	lr: 1.00E-04

⟨|s_xx+g_x|⟩=2.461e-02   ⟨|s_xy+g_y|⟩=2.201e-02
Train Epoch: 1 [6592/10000 (66%)] 	Forcing Loss: 1.9522E-03 (w = 1.0E+00) 	Physics Loss: 6.3997E-03 (w = 1.0E+00) 	Loss Gradient: 5.0000E+00 	lr: 1.00E-04

⟨|s_xx+g_x|⟩=1.963e-02   ⟨|s_xy+g_y|⟩=1.596e-02
Train Epoch: 1 [6656/10000 (66%)] 	Forcing Loss: 1.1795E-03 (w = 1.0E+00) 	Physics Loss: 7.2116E-03 (w = 1.0E+00) 	Loss Gradient: 5.0000E+00 	lr: 1.00E-04

⟨|s_xx+g_x|⟩=1.795e-02   ⟨|s_xy+g_y|⟩=1.588e-02
Train Epoch: 1 [6720/10000 (67%)] 	Forcing Loss: 1.0553E-03 (w = 1.0E+00) 	Physics Loss: 6.5556E-03 (w = 1.0E+00) 	Loss Gradient: 5.0000E+00 	lr: 1.00E-04

⟨|s_xx+g_x|⟩=2.527e-02   ⟨|s_xy+g_y|⟩=2.041e-02
Train Epoch: 1 [6784/10000 (68%)] 	Forcing Loss: 1.8988E-03 (w = 1.0E+00) 	Physics Loss: 6.6421E-03 (w = 1.0E+00) 	Loss Gradient: 5.0000E+00 	lr: 1.00E-04

⟨|s_xx+g_x|⟩=2.449e-02   ⟨|s_xy+g_y|⟩=1.822e-02
Train Epoch: 1 [6848/10000 (68%)] 	Forcing Loss: 1.6126E-03 (w = 1.0E+00) 	Physics Loss: 7.2542E-03 (w = 1.0E+00) 	Loss Gradient: 5.0000E+00 	lr: 1.00E-04

⟨|s_xx+g_x|⟩=2.170e-02   ⟨|s_xy+g_y|⟩=1.755e-02
Train Epoch: 1 [6912/10000 (69%)] 	Forcing Loss: 1.4655E-03 (w = 1.0E+00) 	Physics Loss: 7.3940E-03 (w = 1.0E+00) 	Loss Gradient: 5.0000E+00 	lr: 1.00E-04

⟨|s_xx+g_x|⟩=1.999e-02   ⟨|s_xy+g_y|⟩=1.636e-02
Train Epoch: 1 [6976/10000 (69%)] 	Forcing Loss: 1.1621E-03 (w = 1.0E+00) 	Physics Loss: 7.7324E-03 (w = 1.0E+00) 	Loss Gradient: 5.0000E+00 	lr: 1.00E-04

⟨|s_xx+g_x|⟩=2.535e-02   ⟨|s_xy+g_y|⟩=2.148e-02
Train Epoch: 1 [7040/10000 (70%)] 	Forcing Loss: 2.0268E-03 (w = 1.0E+00) 	Physics Loss: 6.8859E-03 (w = 1.0E+00) 	Loss Gradient: 5.0000E+00 	lr: 1.00E-04

⟨|s_xx+g_x|⟩=2.178e-02   ⟨|s_xy+g_y|⟩=1.881e-02
Train Epoch: 1 [7104/10000 (71%)] 	Forcing Loss: 1.4408E-03 (w = 1.0E+00) 	Physics Loss: 7.7168E-03 (w = 1.0E+00) 	Loss Gradient: 5.0000E+00 	lr: 1.00E-04

⟨|s_xx+g_x|⟩=2.090e-02   ⟨|s_xy+g_y|⟩=1.832e-02
Train Epoch: 1 [7168/10000 (71%)] 	Forcing Loss: 1.5226E-03 (w = 1.0E+00) 	Physics Loss: 6.9516E-03 (w = 1.0E+00) 	Loss Gradient: 5.0000E+00 	lr: 1.00E-04

⟨|s_xx+g_x|⟩=1.909e-02   ⟨|s_xy+g_y|⟩=1.803e-02
Train Epoch: 1 [7232/10000 (72%)] 	Forcing Loss: 1.3095E-03 (w = 1.0E+00) 	Physics Loss: 7.7660E-03 (w = 1.0E+00) 	Loss Gradient: 5.0000E+00 	lr: 1.00E-04

⟨|s_xx+g_x|⟩=2.635e-02   ⟨|s_xy+g_y|⟩=2.240e-02
Train Epoch: 1 [7296/10000 (73%)] 	Forcing Loss: 2.0535E-03 (w = 1.0E+00) 	Physics Loss: 7.2694E-03 (w = 1.0E+00) 	Loss Gradient: 5.0000E+00 	lr: 1.00E-04

⟨|s_xx+g_x|⟩=2.389e-02   ⟨|s_xy+g_y|⟩=1.913e-02
Train Epoch: 1 [7360/10000 (73%)] 	Forcing Loss: 1.6489E-03 (w = 1.0E+00) 	Physics Loss: 7.4917E-03 (w = 1.0E+00) 	Loss Gradient: 5.0000E+00 	lr: 1.00E-04

⟨|s_xx+g_x|⟩=1.899e-02   ⟨|s_xy+g_y|⟩=1.505e-02
Train Epoch: 1 [7424/10000 (74%)] 	Forcing Loss: 1.0581E-03 (w = 1.0E+00) 	Physics Loss: 7.6825E-03 (w = 1.0E+00) 	Loss Gradient: 5.0000E+00 	lr: 1.00E-04

⟨|s_xx+g_x|⟩=1.738e-02   ⟨|s_xy+g_y|⟩=1.383e-02
Train Epoch: 1 [7488/10000 (75%)] 	Forcing Loss: 8.6111E-04 (w = 1.0E+00) 	Physics Loss: 8.7826E-03 (w = 1.0E+00) 	Loss Gradient: 5.0000E+00 	lr: 1.00E-04

⟨|s_xx+g_x|⟩=2.572e-02   ⟨|s_xy+g_y|⟩=2.328e-02
Train Epoch: 1 [7552/10000 (75%)] 	Forcing Loss: 2.2458E-03 (w = 1.0E+00) 	Physics Loss: 7.0489E-03 (w = 1.0E+00) 	Loss Gradient: 5.0000E+00 	lr: 1.00E-04

⟨|s_xx+g_x|⟩=2.360e-02   ⟨|s_xy+g_y|⟩=1.989e-02
Train Epoch: 1 [7616/10000 (76%)] 	Forcing Loss: 1.8009E-03 (w = 1.0E+00) 	Physics Loss: 8.0325E-03 (w = 1.0E+00) 	Loss Gradient: 5.0000E+00 	lr: 1.00E-04

⟨|s_xx+g_x|⟩=1.802e-02   ⟨|s_xy+g_y|⟩=1.627e-02
Train Epoch: 1 [7680/10000 (76%)] 	Forcing Loss: 1.0441E-03 (w = 1.0E+00) 	Physics Loss: 6.5803E-03 (w = 1.0E+00) 	Loss Gradient: 5.0000E+00 	lr: 1.00E-04

⟨|s_xx+g_x|⟩=1.717e-02   ⟨|s_xy+g_y|⟩=1.585e-02
Train Epoch: 1 [7744/10000 (77%)] 	Forcing Loss: 1.0471E-03 (w = 1.0E+00) 	Physics Loss: 6.5907E-03 (w = 1.0E+00) 	Loss Gradient: 5.0000E+00 	lr: 1.00E-04

⟨|s_xx+g_x|⟩=2.728e-02   ⟨|s_xy+g_y|⟩=2.380e-02
Train Epoch: 1 [7808/10000 (78%)] 	Forcing Loss: 2.3758E-03 (w = 1.0E+00) 	Physics Loss: 7.8221E-03 (w = 1.0E+00) 	Loss Gradient: 5.0000E+00 	lr: 1.00E-04

⟨|s_xx+g_x|⟩=2.475e-02   ⟨|s_xy+g_y|⟩=2.253e-02
Train Epoch: 1 [7872/10000 (78%)] 	Forcing Loss: 2.0675E-03 (w = 1.0E+00) 	Physics Loss: 8.0941E-03 (w = 1.0E+00) 	Loss Gradient: 5.0000E+00 	lr: 1.00E-04

⟨|s_xx+g_x|⟩=2.024e-02   ⟨|s_xy+g_y|⟩=1.579e-02
Train Epoch: 1 [7936/10000 (79%)] 	Forcing Loss: 1.1570E-03 (w = 1.0E+00) 	Physics Loss: 8.4793E-03 (w = 1.0E+00) 	Loss Gradient: 5.0000E+00 	lr: 1.00E-04

⟨|s_xx+g_x|⟩=1.962e-02   ⟨|s_xy+g_y|⟩=1.358e-02
Train Epoch: 1 [8000/10000 (80%)] 	Forcing Loss: 9.6655E-04 (w = 1.0E+00) 	Physics Loss: 6.7763E-03 (w = 1.0E+00) 	Loss Gradient: 5.0000E+00 	lr: 1.00E-04

⟨|s_xx+g_x|⟩=2.373e-02   ⟨|s_xy+g_y|⟩=2.311e-02
Train Epoch: 1 [8064/10000 (80%)] 	Forcing Loss: 2.0184E-03 (w = 1.0E+00) 	Physics Loss: 8.0161E-03 (w = 1.0E+00) 	Loss Gradient: 5.0000E+00 	lr: 1.00E-04

⟨|s_xx+g_x|⟩=2.011e-02   ⟨|s_xy+g_y|⟩=1.900e-02
Train Epoch: 1 [8128/10000 (81%)] 	Forcing Loss: 1.3575E-03 (w = 1.0E+00) 	Physics Loss: 7.4213E-03 (w = 1.0E+00) 	Loss Gradient: 5.0000E+00 	lr: 1.00E-04

⟨|s_xx+g_x|⟩=1.993e-02   ⟨|s_xy+g_y|⟩=1.802e-02
Train Epoch: 1 [8192/10000 (82%)] 	Forcing Loss: 1.4308E-03 (w = 1.0E+00) 	Physics Loss: 8.2630E-03 (w = 1.0E+00) 	Loss Gradient: 5.0000E+00 	lr: 1.00E-04

⟨|s_xx+g_x|⟩=1.684e-02   ⟨|s_xy+g_y|⟩=1.493e-02
Train Epoch: 1 [8256/10000 (82%)] 	Forcing Loss: 9.3866E-04 (w = 1.0E+00) 	Physics Loss: 8.6517E-03 (w = 1.0E+00) 	Loss Gradient: 5.0000E+00 	lr: 1.00E-04

⟨|s_xx+g_x|⟩=2.356e-02   ⟨|s_xy+g_y|⟩=1.967e-02
Train Epoch: 1 [8320/10000 (83%)] 	Forcing Loss: 1.6463E-03 (w = 1.0E+00) 	Physics Loss: 6.9156E-03 (w = 1.0E+00) 	Loss Gradient: 5.0000E+00 	lr: 1.00E-04

⟨|s_xx+g_x|⟩=2.022e-02   ⟨|s_xy+g_y|⟩=1.646e-02
Train Epoch: 1 [8384/10000 (83%)] 	Forcing Loss: 1.2102E-03 (w = 1.0E+00) 	Physics Loss: 7.1749E-03 (w = 1.0E+00) 	Loss Gradient: 5.0000E+00 	lr: 1.00E-04

⟨|s_xx+g_x|⟩=2.064e-02   ⟨|s_xy+g_y|⟩=1.833e-02
Train Epoch: 1 [8448/10000 (84%)] 	Forcing Loss: 1.3661E-03 (w = 1.0E+00) 	Physics Loss: 8.8700E-03 (w = 1.0E+00) 	Loss Gradient: 5.0000E+00 	lr: 1.00E-04

⟨|s_xx+g_x|⟩=1.963e-02   ⟨|s_xy+g_y|⟩=1.773e-02
Train Epoch: 1 [8512/10000 (85%)] 	Forcing Loss: 1.4234E-03 (w = 1.0E+00) 	Physics Loss: 9.2037E-03 (w = 1.0E+00) 	Loss Gradient: 5.0000E+00 	lr: 1.00E-04

⟨|s_xx+g_x|⟩=2.338e-02   ⟨|s_xy+g_y|⟩=2.062e-02
Train Epoch: 1 [8576/10000 (85%)] 	Forcing Loss: 1.6642E-03 (w = 1.0E+00) 	Physics Loss: 8.0624E-03 (w = 1.0E+00) 	Loss Gradient: 5.0000E+00 	lr: 1.00E-04

⟨|s_xx+g_x|⟩=2.186e-02   ⟨|s_xy+g_y|⟩=1.989e-02
Train Epoch: 1 [8640/10000 (86%)] 	Forcing Loss: 1.4524E-03 (w = 1.0E+00) 	Physics Loss: 7.7485E-03 (w = 1.0E+00) 	Loss Gradient: 5.0000E+00 	lr: 1.00E-04

⟨|s_xx+g_x|⟩=1.900e-02   ⟨|s_xy+g_y|⟩=1.583e-02
Train Epoch: 1 [8704/10000 (87%)] 	Forcing Loss: 1.0575E-03 (w = 1.0E+00) 	Physics Loss: 7.5203E-03 (w = 1.0E+00) 	Loss Gradient: 5.0000E+00 	lr: 1.00E-04

⟨|s_xx+g_x|⟩=1.521e-02   ⟨|s_xy+g_y|⟩=1.280e-02
Train Epoch: 1 [8768/10000 (87%)] 	Forcing Loss: 6.5558E-04 (w = 1.0E+00) 	Physics Loss: 7.4747E-03 (w = 1.0E+00) 	Loss Gradient: 5.0000E+00 	lr: 1.00E-04

⟨|s_xx+g_x|⟩=2.894e-02   ⟨|s_xy+g_y|⟩=2.476e-02
Train Epoch: 1 [8832/10000 (88%)] 	Forcing Loss: 2.6597E-03 (w = 1.0E+00) 	Physics Loss: 8.3442E-03 (w = 1.0E+00) 	Loss Gradient: 5.0000E+00 	lr: 1.00E-04

⟨|s_xx+g_x|⟩=2.548e-02   ⟨|s_xy+g_y|⟩=2.318e-02
Train Epoch: 1 [8896/10000 (89%)] 	Forcing Loss: 2.0517E-03 (w = 1.0E+00) 	Physics Loss: 8.1998E-03 (w = 1.0E+00) 	Loss Gradient: 5.0000E+00 	lr: 1.00E-04

⟨|s_xx+g_x|⟩=1.594e-02   ⟨|s_xy+g_y|⟩=1.336e-02
Train Epoch: 1 [8960/10000 (89%)] 	Forcing Loss: 7.8946E-04 (w = 1.0E+00) 	Physics Loss: 7.9262E-03 (w = 1.0E+00) 	Loss Gradient: 5.0000E+00 	lr: 1.00E-04

⟨|s_xx+g_x|⟩=1.521e-02   ⟨|s_xy+g_y|⟩=1.242e-02
Train Epoch: 1 [9024/10000 (90%)] 	Forcing Loss: 6.5874E-04 (w = 1.0E+00) 	Physics Loss: 6.9703E-03 (w = 1.0E+00) 	Loss Gradient: 5.0000E+00 	lr: 1.00E-04

⟨|s_xx+g_x|⟩=2.372e-02   ⟨|s_xy+g_y|⟩=2.270e-02
Train Epoch: 1 [9088/10000 (90%)] 	Forcing Loss: 1.9356E-03 (w = 1.0E+00) 	Physics Loss: 9.3532E-03 (w = 1.0E+00) 	Loss Gradient: 5.0000E+00 	lr: 1.00E-04

⟨|s_xx+g_x|⟩=1.952e-02   ⟨|s_xy+g_y|⟩=1.659e-02
Train Epoch: 1 [9152/10000 (91%)] 	Forcing Loss: 1.1139E-03 (w = 1.0E+00) 	Physics Loss: 8.8147E-03 (w = 1.0E+00) 	Loss Gradient: 5.0000E+00 	lr: 1.00E-04

⟨|s_xx+g_x|⟩=2.120e-02   ⟨|s_xy+g_y|⟩=2.015e-02
Train Epoch: 1 [9216/10000 (92%)] 	Forcing Loss: 1.5326E-03 (w = 1.0E+00) 	Physics Loss: 1.1378E-02 (w = 1.0E+00) 	Loss Gradient: 5.0000E+00 	lr: 1.00E-04

⟨|s_xx+g_x|⟩=2.216e-02   ⟨|s_xy+g_y|⟩=1.775e-02
Train Epoch: 1 [9280/10000 (92%)] 	Forcing Loss: 1.5212E-03 (w = 1.0E+00) 	Physics Loss: 1.1452E-02 (w = 1.0E+00) 	Loss Gradient: 5.0000E+00 	lr: 1.00E-04

⟨|s_xx+g_x|⟩=2.071e-02   ⟨|s_xy+g_y|⟩=1.805e-02
Train Epoch: 1 [9344/10000 (93%)] 	Forcing Loss: 1.2932E-03 (w = 1.0E+00) 	Physics Loss: 9.0169E-03 (w = 1.0E+00) 	Loss Gradient: 5.0000E+00 	lr: 1.00E-04

⟨|s_xx+g_x|⟩=2.150e-02   ⟨|s_xy+g_y|⟩=1.930e-02
Train Epoch: 1 [9408/10000 (94%)] 	Forcing Loss: 1.4221E-03 (w = 1.0E+00) 	Physics Loss: 9.1476E-03 (w = 1.0E+00) 	Loss Gradient: 5.0000E+00 	lr: 1.00E-04

⟨|s_xx+g_x|⟩=1.621e-02   ⟨|s_xy+g_y|⟩=1.390e-02
Train Epoch: 1 [9472/10000 (94%)] 	Forcing Loss: 7.7371E-04 (w = 1.0E+00) 	Physics Loss: 9.2474E-03 (w = 1.0E+00) 	Loss Gradient: 5.0000E+00 	lr: 1.00E-04

⟨|s_xx+g_x|⟩=1.257e-02   ⟨|s_xy+g_y|⟩=1.124e-02
Train Epoch: 1 [9536/10000 (95%)] 	Forcing Loss: 4.6784E-04 (w = 1.0E+00) 	Physics Loss: 9.2166E-03 (w = 1.0E+00) 	Loss Gradient: 5.0000E+00 	lr: 1.00E-04

⟨|s_xx+g_x|⟩=2.657e-02   ⟨|s_xy+g_y|⟩=2.177e-02
Train Epoch: 1 [9600/10000 (96%)] 	Forcing Loss: 2.1551E-03 (w = 1.0E+00) 	Physics Loss: 1.2582E-02 (w = 1.0E+00) 	Loss Gradient: 5.0000E+00 	lr: 1.00E-04

⟨|s_xx+g_x|⟩=2.307e-02   ⟨|s_xy+g_y|⟩=1.691e-02
Train Epoch: 1 [9664/10000 (96%)] 	Forcing Loss: 1.3979E-03 (w = 1.0E+00) 	Physics Loss: 1.7277E-02 (w = 1.0E+00) 	Loss Gradient: 5.0000E+00 	lr: 1.00E-04

⟨|s_xx+g_x|⟩=1.900e-02   ⟨|s_xy+g_y|⟩=1.682e-02
Train Epoch: 1 [9728/10000 (97%)] 	Forcing Loss: 1.1882E-03 (w = 1.0E+00) 	Physics Loss: 1.1301E-02 (w = 1.0E+00) 	Loss Gradient: 5.0000E+00 	lr: 1.00E-04

⟨|s_xx+g_x|⟩=1.828e-02   ⟨|s_xy+g_y|⟩=1.426e-02
Train Epoch: 1 [9792/10000 (97%)] 	Forcing Loss: 9.5998E-04 (w = 1.0E+00) 	Physics Loss: 1.4693E-02 (w = 1.0E+00) 	Loss Gradient: 5.0000E+00 	lr: 1.00E-04

⟨|s_xx+g_x|⟩=2.114e-02   ⟨|s_xy+g_y|⟩=1.908e-02
Train Epoch: 1 [9856/10000 (98%)] 	Forcing Loss: 1.4185E-03 (w = 1.0E+00) 	Physics Loss: 1.0576E-02 (w = 1.0E+00) 	Loss Gradient: 5.0000E+00 	lr: 1.00E-04

⟨|s_xx+g_x|⟩=1.834e-02   ⟨|s_xy+g_y|⟩=1.885e-02
Train Epoch: 1 [9920/10000 (99%)] 	Forcing Loss: 1.2296E-03 (w = 1.0E+00) 	Physics Loss: 1.0282E-02 (w = 1.0E+00) 	Loss Gradient: 5.0000E+00 	lr: 1.00E-04

⟨|s_xx+g_x|⟩=2.251e-02   ⟨|s_xy+g_y|⟩=1.602e-02
Train Epoch: 1 [2496/10000 (99%)] 	Forcing Loss: 1.4668E-03 (w = 1.0E+00) 	Physics Loss: 1.2427E-02 (w = 1.0E+00) 	Loss Gradient: 5.0000E+00 	lr: 1.00E-04

⟨|s_xx+g_x|⟩=1.859e-02   ⟨|s_xy+g_y|⟩=1.525e-02
Train Epoch: 2 [0/10000 (0%)] 	Forcing Loss: 9.9435E-04 (w = 1.0E+00) 	Physics Loss: 1.4600E-02 (w = 1.0E+00) 	Loss Gradient: 5.0000E+00 	lr: 1.00E-04

⟨|s_xx+g_x|⟩=2.591e-02   ⟨|s_xy+g_y|⟩=2.146e-02
Train Epoch: 2 [64/10000 (1%)] 	Forcing Loss: 1.9468E-03 (w = 1.0E+00) 	Physics Loss: 9.4953E-03 (w = 1.0E+00) 	Loss Gradient: 5.0000E+00 	lr: 1.00E-04

⟨|s_xx+g_x|⟩=2.554e-02   ⟨|s_xy+g_y|⟩=2.128e-02
Train Epoch: 2 [128/10000 (1%)] 	Forcing Loss: 1.9552E-03 (w = 1.0E+00) 	Physics Loss: 1.2215E-02 (w = 1.0E+00) 	Loss Gradient: 5.0000E+00 	lr: 1.00E-04

⟨|s_xx+g_x|⟩=1.451e-02   ⟨|s_xy+g_y|⟩=1.189e-02
Train Epoch: 2 [192/10000 (2%)] 	Forcing Loss: 5.8160E-04 (w = 1.0E+00) 	Physics Loss: 9.1166E-03 (w = 1.0E+00) 	Loss Gradient: 5.0000E+00 	lr: 1.00E-04

⟨|s_xx+g_x|⟩=1.540e-02   ⟨|s_xy+g_y|⟩=1.321e-02
Train Epoch: 2 [256/10000 (3%)] 	Forcing Loss: 6.7456E-04 (w = 1.0E+00) 	Physics Loss: 9.2347E-03 (w = 1.0E+00) 	Loss Gradient: 5.0000E+00 	lr: 1.00E-04

⟨|s_xx+g_x|⟩=2.364e-02   ⟨|s_xy+g_y|⟩=2.181e-02
Train Epoch: 2 [320/10000 (3%)] 	Forcing Loss: 1.8358E-03 (w = 1.0E+00) 	Physics Loss: 1.3042E-02 (w = 1.0E+00) 	Loss Gradient: 5.0000E+00 	lr: 1.00E-04

⟨|s_xx+g_x|⟩=1.651e-02   ⟨|s_xy+g_y|⟩=1.670e-02
Train Epoch: 2 [384/10000 (4%)] 	Forcing Loss: 9.3920E-04 (w = 1.0E+00) 	Physics Loss: 9.5463E-03 (w = 1.0E+00) 	Loss Gradient: 5.0000E+00 	lr: 1.00E-04

⟨|s_xx+g_x|⟩=2.458e-02   ⟨|s_xy+g_y|⟩=1.829e-02
Train Epoch: 2 [448/10000 (4%)] 	Forcing Loss: 1.7820E-03 (w = 1.0E+00) 	Physics Loss: 1.3501E-02 (w = 1.0E+00) 	Loss Gradient: 5.0000E+00 	lr: 1.00E-04

⟨|s_xx+g_x|⟩=2.053e-02   ⟨|s_xy+g_y|⟩=1.708e-02
Train Epoch: 2 [512/10000 (5%)] 	Forcing Loss: 1.2897E-03 (w = 1.0E+00) 	Physics Loss: 1.6120E-02 (w = 1.0E+00) 	Loss Gradient: 5.0000E+00 	lr: 1.00E-04

⟨|s_xx+g_x|⟩=1.839e-02   ⟨|s_xy+g_y|⟩=1.837e-02
Train Epoch: 2 [576/10000 (6%)] 	Forcing Loss: 1.1048E-03 (w = 1.0E+00) 	Physics Loss: 7.9993E-03 (w = 1.0E+00) 	Loss Gradient: 5.0000E+00 	lr: 1.00E-04

⟨|s_xx+g_x|⟩=1.739e-02   ⟨|s_xy+g_y|⟩=1.666e-02
Train Epoch: 2 [640/10000 (6%)] 	Forcing Loss: 9.5462E-04 (w = 1.0E+00) 	Physics Loss: 1.3050E-02 (w = 1.0E+00) 	Loss Gradient: 5.0000E+00 	lr: 1.00E-04

⟨|s_xx+g_x|⟩=1.596e-02   ⟨|s_xy+g_y|⟩=1.363e-02
Train Epoch: 2 [704/10000 (7%)] 	Forcing Loss: 7.5604E-04 (w = 1.0E+00) 	Physics Loss: 8.9490E-03 (w = 1.0E+00) 	Loss Gradient: 5.0000E+00 	lr: 1.00E-04

⟨|s_xx+g_x|⟩=1.406e-02   ⟨|s_xy+g_y|⟩=1.355e-02
Train Epoch: 2 [768/10000 (8%)] 	Forcing Loss: 6.2358E-04 (w = 1.0E+00) 	Physics Loss: 1.3358E-02 (w = 1.0E+00) 	Loss Gradient: 5.0000E+00 	lr: 1.00E-04

⟨|s_xx+g_x|⟩=2.177e-02   ⟨|s_xy+g_y|⟩=1.933e-02
Train Epoch: 2 [832/10000 (8%)] 	Forcing Loss: 1.4097E-03 (w = 1.0E+00) 	Physics Loss: 9.2522E-03 (w = 1.0E+00) 	Loss Gradient: 5.0000E+00 	lr: 1.00E-04

⟨|s_xx+g_x|⟩=1.297e-02   ⟨|s_xy+g_y|⟩=1.366e-02
Train Epoch: 2 [896/10000 (9%)] 	Forcing Loss: 5.8456E-04 (w = 1.0E+00) 	Physics Loss: 1.1861E-02 (w = 1.0E+00) 	Loss Gradient: 5.0000E+00 	lr: 1.00E-04

⟨|s_xx+g_x|⟩=1.650e-02   ⟨|s_xy+g_y|⟩=1.423e-02
Train Epoch: 2 [960/10000 (10%)] 	Forcing Loss: 8.2937E-04 (w = 1.0E+00) 	Physics Loss: 1.0680E-02 (w = 1.0E+00) 	Loss Gradient: 5.0000E+00 	lr: 1.00E-04

⟨|s_xx+g_x|⟩=1.538e-02   ⟨|s_xy+g_y|⟩=1.455e-02
Train Epoch: 2 [1024/10000 (10%)] 	Forcing Loss: 7.4120E-04 (w = 1.0E+00) 	Physics Loss: 1.5719E-02 (w = 1.0E+00) 	Loss Gradient: 5.0000E+00 	lr: 1.00E-04

⟨|s_xx+g_x|⟩=1.596e-02   ⟨|s_xy+g_y|⟩=1.600e-02
Train Epoch: 2 [1088/10000 (11%)] 	Forcing Loss: 8.7943E-04 (w = 1.0E+00) 	Physics Loss: 1.0797E-02 (w = 1.0E+00) 	Loss Gradient: 5.0000E+00 	lr: 1.00E-04

⟨|s_xx+g_x|⟩=1.365e-02   ⟨|s_xy+g_y|⟩=1.097e-02
Train Epoch: 2 [1152/10000 (11%)] 	Forcing Loss: 4.9953E-04 (w = 1.0E+00) 	Physics Loss: 1.4619E-02 (w = 1.0E+00) 	Loss Gradient: 5.0000E+00 	lr: 1.00E-04

⟨|s_xx+g_x|⟩=1.271e-02   ⟨|s_xy+g_y|⟩=1.326e-02
Train Epoch: 2 [1216/10000 (12%)] 	Forcing Loss: 5.4847E-04 (w = 1.0E+00) 	Physics Loss: 9.3879E-03 (w = 1.0E+00) 	Loss Gradient: 5.0000E+00 	lr: 1.00E-04

⟨|s_xx+g_x|⟩=1.402e-02   ⟨|s_xy+g_y|⟩=1.344e-02
Train Epoch: 2 [1280/10000 (13%)] 	Forcing Loss: 6.5215E-04 (w = 1.0E+00) 	Physics Loss: 1.6414E-02 (w = 1.0E+00) 	Loss Gradient: 5.0000E+00 	lr: 1.00E-04

⟨|s_xx+g_x|⟩=1.461e-02   ⟨|s_xy+g_y|⟩=1.252e-02
Train Epoch: 2 [1344/10000 (13%)] 	Forcing Loss: 6.0898E-04 (w = 1.0E+00) 	Physics Loss: 1.1322E-02 (w = 1.0E+00) 	Loss Gradient: 5.0000E+00 	lr: 1.00E-04

⟨|s_xx+g_x|⟩=1.453e-02   ⟨|s_xy+g_y|⟩=1.408e-02
Train Epoch: 2 [1408/10000 (14%)] 	Forcing Loss: 6.8978E-04 (w = 1.0E+00) 	Physics Loss: 1.1562E-02 (w = 1.0E+00) 	Loss Gradient: 5.0000E+00 	lr: 1.00E-04

⟨|s_xx+g_x|⟩=1.334e-02   ⟨|s_xy+g_y|⟩=1.275e-02
Train Epoch: 2 [1472/10000 (15%)] 	Forcing Loss: 5.6491E-04 (w = 1.0E+00) 	Physics Loss: 1.2023E-02 (w = 1.0E+00) 	Loss Gradient: 5.0000E+00 	lr: 1.00E-04

⟨|s_xx+g_x|⟩=1.503e-02   ⟨|s_xy+g_y|⟩=1.424e-02
Train Epoch: 2 [1536/10000 (15%)] 	Forcing Loss: 6.9937E-04 (w = 1.0E+00) 	Physics Loss: 1.3336E-02 (w = 1.0E+00) 	Loss Gradient: 5.0000E+00 	lr: 1.00E-04

⟨|s_xx+g_x|⟩=1.470e-02   ⟨|s_xy+g_y|⟩=1.443e-02
Train Epoch: 2 [1600/10000 (16%)] 	Forcing Loss: 6.9825E-04 (w = 1.0E+00) 	Physics Loss: 1.2636E-02 (w = 1.0E+00) 	Loss Gradient: 5.0000E+00 	lr: 1.00E-04

⟨|s_xx+g_x|⟩=1.542e-02   ⟨|s_xy+g_y|⟩=1.180e-02
Train Epoch: 2 [1664/10000 (17%)] 	Forcing Loss: 6.1444E-04 (w = 1.0E+00) 	Physics Loss: 1.5084E-02 (w = 1.0E+00) 	Loss Gradient: 5.0000E+00 	lr: 1.00E-04

⟨|s_xx+g_x|⟩=1.707e-02   ⟨|s_xy+g_y|⟩=1.567e-02
Train Epoch: 2 [1728/10000 (17%)] 	Forcing Loss: 8.8253E-04 (w = 1.0E+00) 	Physics Loss: 1.2856E-02 (w = 1.0E+00) 	Loss Gradient: 5.0000E+00 	lr: 1.00E-04

⟨|s_xx+g_x|⟩=1.457e-02   ⟨|s_xy+g_y|⟩=1.333e-02
Train Epoch: 2 [1792/10000 (18%)] 	Forcing Loss: 6.3522E-04 (w = 1.0E+00) 	Physics Loss: 1.4620E-02 (w = 1.0E+00) 	Loss Gradient: 5.0000E+00 	lr: 1.00E-04

⟨|s_xx+g_x|⟩=1.587e-02   ⟨|s_xy+g_y|⟩=1.302e-02
Train Epoch: 2 [1856/10000 (18%)] 	Forcing Loss: 7.0529E-04 (w = 1.0E+00) 	Physics Loss: 1.3279E-02 (w = 1.0E+00) 	Loss Gradient: 5.0000E+00 	lr: 1.00E-04

⟨|s_xx+g_x|⟩=1.713e-02   ⟨|s_xy+g_y|⟩=1.722e-02
Train Epoch: 2 [1920/10000 (19%)] 	Forcing Loss: 9.5233E-04 (w = 1.0E+00) 	Physics Loss: 1.3245E-02 (w = 1.0E+00) 	Loss Gradient: 5.0000E+00 	lr: 1.00E-04

⟨|s_xx+g_x|⟩=1.531e-02   ⟨|s_xy+g_y|⟩=1.393e-02
Train Epoch: 2 [1984/10000 (20%)] 	Forcing Loss: 6.9245E-04 (w = 1.0E+00) 	Physics Loss: 1.5908E-02 (w = 1.0E+00) 	Loss Gradient: 5.0000E+00 	lr: 1.00E-04

⟨|s_xx+g_x|⟩=1.442e-02   ⟨|s_xy+g_y|⟩=1.605e-02
Train Epoch: 2 [2048/10000 (20%)] 	Forcing Loss: 7.6483E-04 (w = 1.0E+00) 	Physics Loss: 1.3045E-02 (w = 1.0E+00) 	Loss Gradient: 5.0000E+00 	lr: 1.00E-04

⟨|s_xx+g_x|⟩=1.393e-02   ⟨|s_xy+g_y|⟩=1.359e-02
Train Epoch: 2 [2112/10000 (21%)] 	Forcing Loss: 6.3745E-04 (w = 1.0E+00) 	Physics Loss: 1.2349E-02 (w = 1.0E+00) 	Loss Gradient: 5.0000E+00 	lr: 1.00E-04

⟨|s_xx+g_x|⟩=1.562e-02   ⟨|s_xy+g_y|⟩=1.410e-02
Train Epoch: 2 [2176/10000 (22%)] 	Forcing Loss: 7.0613E-04 (w = 1.0E+00) 	Physics Loss: 1.3245E-02 (w = 1.0E+00) 	Loss Gradient: 5.0000E+00 	lr: 1.00E-04

⟨|s_xx+g_x|⟩=2.115e-02   ⟨|s_xy+g_y|⟩=1.757e-02
Train Epoch: 2 [2240/10000 (22%)] 	Forcing Loss: 1.2900E-03 (w = 1.0E+00) 	Physics Loss: 1.6104E-02 (w = 1.0E+00) 	Loss Gradient: 5.0000E+00 	lr: 1.00E-04

⟨|s_xx+g_x|⟩=1.427e-02   ⟨|s_xy+g_y|⟩=1.274e-02
Train Epoch: 2 [2304/10000 (23%)] 	Forcing Loss: 5.8452E-04 (w = 1.0E+00) 	Physics Loss: 1.2882E-02 (w = 1.0E+00) 	Loss Gradient: 5.0000E+00 	lr: 1.00E-04

⟨|s_xx+g_x|⟩=1.507e-02   ⟨|s_xy+g_y|⟩=1.262e-02
Train Epoch: 2 [2368/10000 (24%)] 	Forcing Loss: 6.3767E-04 (w = 1.0E+00) 	Physics Loss: 1.3277E-02 (w = 1.0E+00) 	Loss Gradient: 5.0000E+00 	lr: 1.00E-04

⟨|s_xx+g_x|⟩=1.761e-02   ⟨|s_xy+g_y|⟩=1.790e-02
Train Epoch: 2 [2432/10000 (24%)] 	Forcing Loss: 1.0427E-03 (w = 1.0E+00) 	Physics Loss: 1.1979E-02 (w = 1.0E+00) 	Loss Gradient: 5.0000E+00 	lr: 1.00E-04

⟨|s_xx+g_x|⟩=1.340e-02   ⟨|s_xy+g_y|⟩=1.302e-02
Train Epoch: 2 [2496/10000 (25%)] 	Forcing Loss: 5.6462E-04 (w = 1.0E+00) 	Physics Loss: 1.1612E-02 (w = 1.0E+00) 	Loss Gradient: 5.0000E+00 	lr: 1.00E-04

⟨|s_xx+g_x|⟩=1.575e-02   ⟨|s_xy+g_y|⟩=1.579e-02
Train Epoch: 2 [2560/10000 (25%)] 	Forcing Loss: 8.2168E-04 (w = 1.0E+00) 	Physics Loss: 1.0559E-02 (w = 1.0E+00) 	Loss Gradient: 5.0000E+00 	lr: 1.00E-04

⟨|s_xx+g_x|⟩=1.470e-02   ⟨|s_xy+g_y|⟩=1.254e-02
Train Epoch: 2 [2624/10000 (26%)] 	Forcing Loss: 6.0503E-04 (w = 1.0E+00) 	Physics Loss: 1.1141E-02 (w = 1.0E+00) 	Loss Gradient: 5.0000E+00 	lr: 1.00E-04

⟨|s_xx+g_x|⟩=1.517e-02   ⟨|s_xy+g_y|⟩=1.567e-02
Train Epoch: 2 [2688/10000 (27%)] 	Forcing Loss: 7.8692E-04 (w = 1.0E+00) 	Physics Loss: 1.1350E-02 (w = 1.0E+00) 	Loss Gradient: 5.0000E+00 	lr: 1.00E-04

⟨|s_xx+g_x|⟩=1.429e-02   ⟨|s_xy+g_y|⟩=1.279e-02
Train Epoch: 2 [2752/10000 (27%)] 	Forcing Loss: 5.9585E-04 (w = 1.0E+00) 	Physics Loss: 1.0393E-02 (w = 1.0E+00) 	Loss Gradient: 5.0000E+00 	lr: 1.00E-04

⟨|s_xx+g_x|⟩=1.628e-02   ⟨|s_xy+g_y|⟩=1.656e-02
Train Epoch: 2 [2816/10000 (28%)] 	Forcing Loss: 8.9821E-04 (w = 1.0E+00) 	Physics Loss: 1.1494E-02 (w = 1.0E+00) 	Loss Gradient: 5.0000E+00 	lr: 1.00E-04

⟨|s_xx+g_x|⟩=1.701e-02   ⟨|s_xy+g_y|⟩=1.221e-02
Train Epoch: 2 [2880/10000 (29%)] 	Forcing Loss: 7.1614E-04 (w = 1.0E+00) 	Physics Loss: 1.0185E-02 (w = 1.0E+00) 	Loss Gradient: 5.0000E+00 	lr: 1.00E-04

⟨|s_xx+g_x|⟩=1.511e-02   ⟨|s_xy+g_y|⟩=1.236e-02
Train Epoch: 2 [2944/10000 (29%)] 	Forcing Loss: 6.3306E-04 (w = 1.0E+00) 	Physics Loss: 1.0559E-02 (w = 1.0E+00) 	Loss Gradient: 5.0000E+00 	lr: 1.00E-04

⟨|s_xx+g_x|⟩=1.402e-02   ⟨|s_xy+g_y|⟩=1.313e-02
Train Epoch: 2 [3008/10000 (30%)] 	Forcing Loss: 6.1313E-04 (w = 1.0E+00) 	Physics Loss: 1.0530E-02 (w = 1.0E+00) 	Loss Gradient: 5.0000E+00 	lr: 1.00E-04

⟨|s_xx+g_x|⟩=1.462e-02   ⟨|s_xy+g_y|⟩=1.286e-02
Train Epoch: 2 [3072/10000 (31%)] 	Forcing Loss: 6.2526E-04 (w = 1.0E+00) 	Physics Loss: 1.0985E-02 (w = 1.0E+00) 	Loss Gradient: 5.0000E+00 	lr: 1.00E-04

⟨|s_xx+g_x|⟩=2.130e-02   ⟨|s_xy+g_y|⟩=1.836e-02
Train Epoch: 2 [3136/10000 (31%)] 	Forcing Loss: 1.2900E-03 (w = 1.0E+00) 	Physics Loss: 1.0091E-02 (w = 1.0E+00) 	Loss Gradient: 5.0000E+00 	lr: 1.00E-04

⟨|s_xx+g_x|⟩=1.414e-02   ⟨|s_xy+g_y|⟩=1.253e-02
Train Epoch: 2 [3200/10000 (32%)] 	Forcing Loss: 5.7597E-04 (w = 1.0E+00) 	Physics Loss: 1.4283E-02 (w = 1.0E+00) 	Loss Gradient: 5.0000E+00 	lr: 1.00E-04

⟨|s_xx+g_x|⟩=1.437e-02   ⟨|s_xy+g_y|⟩=1.389e-02
Train Epoch: 2 [3264/10000 (32%)] 	Forcing Loss: 6.5008E-04 (w = 1.0E+00) 	Physics Loss: 1.0231E-02 (w = 1.0E+00) 	Loss Gradient: 5.0000E+00 	lr: 1.00E-04

⟨|s_xx+g_x|⟩=1.331e-02   ⟨|s_xy+g_y|⟩=1.486e-02
Train Epoch: 2 [3328/10000 (33%)] 	Forcing Loss: 6.6157E-04 (w = 1.0E+00) 	Physics Loss: 9.6956E-03 (w = 1.0E+00) 	Loss Gradient: 5.0000E+00 	lr: 1.00E-04

⟨|s_xx+g_x|⟩=1.633e-02   ⟨|s_xy+g_y|⟩=1.417e-02
Train Epoch: 2 [3392/10000 (34%)] 	Forcing Loss: 7.8735E-04 (w = 1.0E+00) 	Physics Loss: 9.7801E-03 (w = 1.0E+00) 	Loss Gradient: 5.0000E+00 	lr: 1.00E-04

⟨|s_xx+g_x|⟩=1.761e-02   ⟨|s_xy+g_y|⟩=1.403e-02
Train Epoch: 2 [3456/10000 (34%)] 	Forcing Loss: 8.3560E-04 (w = 1.0E+00) 	Physics Loss: 9.8429E-03 (w = 1.0E+00) 	Loss Gradient: 5.0000E+00 	lr: 1.00E-04

⟨|s_xx+g_x|⟩=1.304e-02   ⟨|s_xy+g_y|⟩=1.212e-02
Train Epoch: 2 [3520/10000 (35%)] 	Forcing Loss: 5.0754E-04 (w = 1.0E+00) 	Physics Loss: 1.0341E-02 (w = 1.0E+00) 	Loss Gradient: 5.0000E+00 	lr: 1.00E-04

⟨|s_xx+g_x|⟩=1.627e-02   ⟨|s_xy+g_y|⟩=1.426e-02
Train Epoch: 2 [3584/10000 (36%)] 	Forcing Loss: 7.5009E-04 (w = 1.0E+00) 	Physics Loss: 1.1890E-02 (w = 1.0E+00) 	Loss Gradient: 5.0000E+00 	lr: 1.00E-04

⟨|s_xx+g_x|⟩=1.461e-02   ⟨|s_xy+g_y|⟩=1.209e-02
Train Epoch: 2 [3648/10000 (36%)] 	Forcing Loss: 5.7715E-04 (w = 1.0E+00) 	Physics Loss: 9.0378E-03 (w = 1.0E+00) 	Loss Gradient: 4.7209E+00 	lr: 1.00E-04

⟨|s_xx+g_x|⟩=1.434e-02   ⟨|s_xy+g_y|⟩=1.267e-02
Train Epoch: 2 [3712/10000 (37%)] 	Forcing Loss: 5.8221E-04 (w = 1.0E+00) 	Physics Loss: 1.5389E-02 (w = 1.0E+00) 	Loss Gradient: 5.0000E+00 	lr: 1.00E-04

⟨|s_xx+g_x|⟩=2.068e-02   ⟨|s_xy+g_y|⟩=1.689e-02
Train Epoch: 2 [3776/10000 (38%)] 	Forcing Loss: 1.1795E-03 (w = 1.0E+00) 	Physics Loss: 1.6083E-02 (w = 1.0E+00) 	Loss Gradient: 5.0000E+00 	lr: 1.00E-04

⟨|s_xx+g_x|⟩=1.846e-02   ⟨|s_xy+g_y|⟩=1.514e-02
Train Epoch: 2 [3840/10000 (38%)] 	Forcing Loss: 9.4946E-04 (w = 1.0E+00) 	Physics Loss: 1.1400E-02 (w = 1.0E+00) 	Loss Gradient: 5.0000E+00 	lr: 1.00E-04

⟨|s_xx+g_x|⟩=1.629e-02   ⟨|s_xy+g_y|⟩=1.392e-02
Train Epoch: 2 [3904/10000 (39%)] 	Forcing Loss: 7.5859E-04 (w = 1.0E+00) 	Physics Loss: 1.2985E-02 (w = 1.0E+00) 	Loss Gradient: 5.0000E+00 	lr: 1.00E-04

⟨|s_xx+g_x|⟩=1.449e-02   ⟨|s_xy+g_y|⟩=1.302e-02
Train Epoch: 2 [3968/10000 (39%)] 	Forcing Loss: 6.1243E-04 (w = 1.0E+00) 	Physics Loss: 1.1178E-02 (w = 1.0E+00) 	Loss Gradient: 5.0000E+00 	lr: 1.00E-04

⟨|s_xx+g_x|⟩=2.013e-02   ⟨|s_xy+g_y|⟩=1.672e-02
Train Epoch: 2 [4032/10000 (40%)] 	Forcing Loss: 1.1472E-03 (w = 1.0E+00) 	Physics Loss: 1.1980E-02 (w = 1.0E+00) 	Loss Gradient: 5.0000E+00 	lr: 1.00E-04

⟨|s_xx+g_x|⟩=1.551e-02   ⟨|s_xy+g_y|⟩=1.189e-02
Train Epoch: 2 [4096/10000 (41%)] 	Forcing Loss: 6.1860E-04 (w = 1.0E+00) 	Physics Loss: 1.1356E-02 (w = 1.0E+00) 	Loss Gradient: 5.0000E+00 	lr: 1.00E-04

⟨|s_xx+g_x|⟩=1.500e-02   ⟨|s_xy+g_y|⟩=1.362e-02
Train Epoch: 2 [4160/10000 (41%)] 	Forcing Loss: 6.6496E-04 (w = 1.0E+00) 	Physics Loss: 8.3446E-03 (w = 1.0E+00) 	Loss Gradient: 4.0413E+00 	lr: 1.00E-04

⟨|s_xx+g_x|⟩=1.557e-02   ⟨|s_xy+g_y|⟩=1.469e-02
Train Epoch: 2 [4224/10000 (42%)] 	Forcing Loss: 7.4588E-04 (w = 1.0E+00) 	Physics Loss: 1.0905E-02 (w = 1.0E+00) 	Loss Gradient: 5.0000E+00 	lr: 1.00E-04

⟨|s_xx+g_x|⟩=1.484e-02   ⟨|s_xy+g_y|⟩=1.214e-02
Train Epoch: 2 [4288/10000 (43%)] 	Forcing Loss: 5.9743E-04 (w = 1.0E+00) 	Physics Loss: 9.1553E-03 (w = 1.0E+00) 	Loss Gradient: 5.0000E+00 	lr: 1.00E-04

⟨|s_xx+g_x|⟩=1.978e-02   ⟨|s_xy+g_y|⟩=1.505e-02
Train Epoch: 2 [4352/10000 (43%)] 	Forcing Loss: 1.0242E-03 (w = 1.0E+00) 	Physics Loss: 9.2663E-03 (w = 1.0E+00) 	Loss Gradient: 5.0000E+00 	lr: 1.00E-04

⟨|s_xx+g_x|⟩=1.490e-02   ⟨|s_xy+g_y|⟩=1.223e-02
Train Epoch: 2 [4416/10000 (44%)] 	Forcing Loss: 5.9729E-04 (w = 1.0E+00) 	Physics Loss: 1.0416E-02 (w = 1.0E+00) 	Loss Gradient: 5.0000E+00 	lr: 1.00E-04

⟨|s_xx+g_x|⟩=1.800e-02   ⟨|s_xy+g_y|⟩=1.633e-02
Train Epoch: 2 [4480/10000 (45%)] 	Forcing Loss: 1.0183E-03 (w = 1.0E+00) 	Physics Loss: 8.8593E-03 (w = 1.0E+00) 	Loss Gradient: 5.0000E+00 	lr: 1.00E-04

⟨|s_xx+g_x|⟩=1.684e-02   ⟨|s_xy+g_y|⟩=1.354e-02
Train Epoch: 2 [4544/10000 (45%)] 	Forcing Loss: 8.1670E-04 (w = 1.0E+00) 	Physics Loss: 1.1614E-02 (w = 1.0E+00) 	Loss Gradient: 5.0000E+00 	lr: 1.00E-04

⟨|s_xx+g_x|⟩=1.683e-02   ⟨|s_xy+g_y|⟩=1.605e-02
Train Epoch: 2 [4608/10000 (46%)] 	Forcing Loss: 8.5489E-04 (w = 1.0E+00) 	Physics Loss: 8.6502E-03 (w = 1.0E+00) 	Loss Gradient: 5.0000E+00 	lr: 1.00E-04

⟨|s_xx+g_x|⟩=1.405e-02   ⟨|s_xy+g_y|⟩=1.158e-02
Train Epoch: 2 [4672/10000 (46%)] 	Forcing Loss: 5.3736E-04 (w = 1.0E+00) 	Physics Loss: 9.0704E-03 (w = 1.0E+00) 	Loss Gradient: 5.0000E+00 	lr: 1.00E-04

⟨|s_xx+g_x|⟩=1.886e-02   ⟨|s_xy+g_y|⟩=1.692e-02
Train Epoch: 2 [4736/10000 (47%)] 	Forcing Loss: 1.1661E-03 (w = 1.0E+00) 	Physics Loss: 7.6661E-03 (w = 1.0E+00) 	Loss Gradient: 5.0000E+00 	lr: 1.00E-04

⟨|s_xx+g_x|⟩=1.538e-02   ⟨|s_xy+g_y|⟩=1.147e-02
Train Epoch: 2 [4800/10000 (48%)] 	Forcing Loss: 6.0304E-04 (w = 1.0E+00) 	Physics Loss: 1.0477E-02 (w = 1.0E+00) 	Loss Gradient: 5.0000E+00 	lr: 1.00E-04

⟨|s_xx+g_x|⟩=1.760e-02   ⟨|s_xy+g_y|⟩=1.528e-02
Train Epoch: 2 [4864/10000 (48%)] 	Forcing Loss: 8.9846E-04 (w = 1.0E+00) 	Physics Loss: 1.1530E-02 (w = 1.0E+00) 	Loss Gradient: 5.0000E+00 	lr: 1.00E-04

⟨|s_xx+g_x|⟩=1.332e-02   ⟨|s_xy+g_y|⟩=1.269e-02
Train Epoch: 2 [4928/10000 (49%)] 	Forcing Loss: 5.4047E-04 (w = 1.0E+00) 	Physics Loss: 8.6144E-03 (w = 1.0E+00) 	Loss Gradient: 4.7850E+00 	lr: 1.00E-04

⟨|s_xx+g_x|⟩=1.864e-02   ⟨|s_xy+g_y|⟩=1.541e-02
Train Epoch: 2 [4992/10000 (50%)] 	Forcing Loss: 1.0719E-03 (w = 1.0E+00) 	Physics Loss: 1.0175E-02 (w = 1.0E+00) 	Loss Gradient: 5.0000E+00 	lr: 1.00E-04

⟨|s_xx+g_x|⟩=1.982e-02   ⟨|s_xy+g_y|⟩=1.593e-02
Train Epoch: 2 [5056/10000 (50%)] 	Forcing Loss: 1.0687E-03 (w = 1.0E+00) 	Physics Loss: 1.2860E-02 (w = 1.0E+00) 	Loss Gradient: 5.0000E+00 	lr: 1.00E-04

⟨|s_xx+g_x|⟩=1.593e-02   ⟨|s_xy+g_y|⟩=1.431e-02
Train Epoch: 2 [5120/10000 (51%)] 	Forcing Loss: 7.8891E-04 (w = 1.0E+00) 	Physics Loss: 9.0239E-03 (w = 1.0E+00) 	Loss Gradient: 5.0000E+00 	lr: 1.00E-04

⟨|s_xx+g_x|⟩=1.922e-02   ⟨|s_xy+g_y|⟩=1.467e-02
Train Epoch: 2 [5184/10000 (52%)] 	Forcing Loss: 1.0453E-03 (w = 1.0E+00) 	Physics Loss: 1.0923E-02 (w = 1.0E+00) 	Loss Gradient: 5.0000E+00 	lr: 1.00E-04

⟨|s_xx+g_x|⟩=1.631e-02   ⟨|s_xy+g_y|⟩=1.311e-02
Train Epoch: 2 [5248/10000 (52%)] 	Forcing Loss: 7.1668E-04 (w = 1.0E+00) 	Physics Loss: 2.0306E-02 (w = 1.0E+00) 	Loss Gradient: 5.0000E+00 	lr: 1.00E-04

⟨|s_xx+g_x|⟩=1.909e-02   ⟨|s_xy+g_y|⟩=1.723e-02
Train Epoch: 2 [5312/10000 (53%)] 	Forcing Loss: 1.1215E-03 (w = 1.0E+00) 	Physics Loss: 1.0663E-02 (w = 1.0E+00) 	Loss Gradient: 5.0000E+00 	lr: 1.00E-04

⟨|s_xx+g_x|⟩=1.565e-02   ⟨|s_xy+g_y|⟩=1.164e-02
Train Epoch: 2 [5376/10000 (54%)] 	Forcing Loss: 6.3807E-04 (w = 1.0E+00) 	Physics Loss: 1.3583E-02 (w = 1.0E+00) 	Loss Gradient: 5.0000E+00 	lr: 1.00E-04

⟨|s_xx+g_x|⟩=1.522e-02   ⟨|s_xy+g_y|⟩=1.343e-02
Train Epoch: 2 [5440/10000 (54%)] 	Forcing Loss: 6.6082E-04 (w = 1.0E+00) 	Physics Loss: 1.2021E-02 (w = 1.0E+00) 	Loss Gradient: 5.0000E+00 	lr: 1.00E-04

⟨|s_xx+g_x|⟩=2.209e-02   ⟨|s_xy+g_y|⟩=2.241e-02
Train Epoch: 2 [5504/10000 (55%)] 	Forcing Loss: 1.6160E-03 (w = 1.0E+00) 	Physics Loss: 1.1142E-02 (w = 1.0E+00) 	Loss Gradient: 5.0000E+00 	lr: 1.00E-04

⟨|s_xx+g_x|⟩=1.629e-02   ⟨|s_xy+g_y|⟩=1.491e-02
Train Epoch: 2 [5568/10000 (55%)] 	Forcing Loss: 8.0279E-04 (w = 1.0E+00) 	Physics Loss: 1.6130E-02 (w = 1.0E+00) 	Loss Gradient: 5.0000E+00 	lr: 1.00E-04

⟨|s_xx+g_x|⟩=1.553e-02   ⟨|s_xy+g_y|⟩=1.345e-02
Train Epoch: 2 [5632/10000 (56%)] 	Forcing Loss: 6.7223E-04 (w = 1.0E+00) 	Physics Loss: 1.0511E-02 (w = 1.0E+00) 	Loss Gradient: 5.0000E+00 	lr: 1.00E-04

⟨|s_xx+g_x|⟩=2.603e-02   ⟨|s_xy+g_y|⟩=1.775e-02
Train Epoch: 2 [5696/10000 (57%)] 	Forcing Loss: 1.6761E-03 (w = 1.0E+00) 	Physics Loss: 1.2709E-02 (w = 1.0E+00) 	Loss Gradient: 5.0000E+00 	lr: 1.00E-04

⟨|s_xx+g_x|⟩=1.608e-02   ⟨|s_xy+g_y|⟩=1.241e-02
Train Epoch: 2 [5760/10000 (57%)] 	Forcing Loss: 6.8400E-04 (w = 1.0E+00) 	Physics Loss: 1.4800E-02 (w = 1.0E+00) 	Loss Gradient: 5.0000E+00 	lr: 1.00E-04

⟨|s_xx+g_x|⟩=1.504e-02   ⟨|s_xy+g_y|⟩=1.237e-02
Train Epoch: 2 [5824/10000 (58%)] 	Forcing Loss: 6.2438E-04 (w = 1.0E+00) 	Physics Loss: 1.1964E-02 (w = 1.0E+00) 	Loss Gradient: 5.0000E+00 	lr: 1.00E-04

⟨|s_xx+g_x|⟩=2.077e-02   ⟨|s_xy+g_y|⟩=1.849e-02
Train Epoch: 2 [5888/10000 (59%)] 	Forcing Loss: 1.4262E-03 (w = 1.0E+00) 	Physics Loss: 1.4031E-02 (w = 1.0E+00) 	Loss Gradient: 5.0000E+00 	lr: 1.00E-04

⟨|s_xx+g_x|⟩=1.645e-02   ⟨|s_xy+g_y|⟩=1.539e-02
Train Epoch: 2 [5952/10000 (59%)] 	Forcing Loss: 8.6018E-04 (w = 1.0E+00) 	Physics Loss: 1.2452E-02 (w = 1.0E+00) 	Loss Gradient: 5.0000E+00 	lr: 1.00E-04

⟨|s_xx+g_x|⟩=1.573e-02   ⟨|s_xy+g_y|⟩=1.562e-02
Train Epoch: 2 [6016/10000 (60%)] 	Forcing Loss: 8.1781E-04 (w = 1.0E+00) 	Physics Loss: 8.9052E-03 (w = 1.0E+00) 	Loss Gradient: 5.0000E+00 	lr: 1.00E-04

⟨|s_xx+g_x|⟩=2.051e-02   ⟨|s_xy+g_y|⟩=1.898e-02
Train Epoch: 2 [6080/10000 (61%)] 	Forcing Loss: 1.3486E-03 (w = 1.0E+00) 	Physics Loss: 1.1624E-02 (w = 1.0E+00) 	Loss Gradient: 5.0000E+00 	lr: 1.00E-04

⟨|s_xx+g_x|⟩=1.579e-02   ⟨|s_xy+g_y|⟩=1.343e-02
Train Epoch: 2 [6144/10000 (61%)] 	Forcing Loss: 7.2737E-04 (w = 1.0E+00) 	Physics Loss: 1.2123E-02 (w = 1.0E+00) 	Loss Gradient: 5.0000E+00 	lr: 1.00E-04

⟨|s_xx+g_x|⟩=1.330e-02   ⟨|s_xy+g_y|⟩=1.119e-02
Train Epoch: 2 [6208/10000 (62%)] 	Forcing Loss: 5.0900E-04 (w = 1.0E+00) 	Physics Loss: 8.9446E-03 (w = 1.0E+00) 	Loss Gradient: 5.0000E+00 	lr: 1.00E-04

⟨|s_xx+g_x|⟩=2.290e-02   ⟨|s_xy+g_y|⟩=2.056e-02
Train Epoch: 2 [6272/10000 (62%)] 	Forcing Loss: 1.6731E-03 (w = 1.0E+00) 	Physics Loss: 1.1699E-02 (w = 1.0E+00) 	Loss Gradient: 5.0000E+00 	lr: 1.00E-04

⟨|s_xx+g_x|⟩=1.589e-02   ⟨|s_xy+g_y|⟩=1.415e-02
Train Epoch: 2 [6336/10000 (63%)] 	Forcing Loss: 8.0086E-04 (w = 1.0E+00) 	Physics Loss: 1.6406E-02 (w = 1.0E+00) 	Loss Gradient: 5.0000E+00 	lr: 1.00E-04

⟨|s_xx+g_x|⟩=1.646e-02   ⟨|s_xy+g_y|⟩=1.260e-02
Train Epoch: 2 [6400/10000 (64%)] 	Forcing Loss: 6.9717E-04 (w = 1.0E+00) 	Physics Loss: 1.2162E-02 (w = 1.0E+00) 	Loss Gradient: 5.0000E+00 	lr: 1.00E-04

⟨|s_xx+g_x|⟩=2.261e-02   ⟨|s_xy+g_y|⟩=1.855e-02
Train Epoch: 2 [6464/10000 (64%)] 	Forcing Loss: 1.4189E-03 (w = 1.0E+00) 	Physics Loss: 1.8695E-02 (w = 1.0E+00) 	Loss Gradient: 5.0000E+00 	lr: 1.00E-04

⟨|s_xx+g_x|⟩=1.803e-02   ⟨|s_xy+g_y|⟩=1.640e-02
Train Epoch: 2 [6528/10000 (65%)] 	Forcing Loss: 9.7357E-04 (w = 1.0E+00) 	Physics Loss: 1.3837E-02 (w = 1.0E+00) 	Loss Gradient: 5.0000E+00 	lr: 1.00E-04

⟨|s_xx+g_x|⟩=2.371e-02   ⟨|s_xy+g_y|⟩=1.922e-02
Train Epoch: 2 [6592/10000 (66%)] 	Forcing Loss: 1.7915E-03 (w = 1.0E+00) 	Physics Loss: 1.2447E-02 (w = 1.0E+00) 	Loss Gradient: 5.0000E+00 	lr: 1.00E-04

⟨|s_xx+g_x|⟩=1.414e-02   ⟨|s_xy+g_y|⟩=1.206e-02
Train Epoch: 2 [6656/10000 (66%)] 	Forcing Loss: 5.6434E-04 (w = 1.0E+00) 	Physics Loss: 1.7955E-02 (w = 1.0E+00) 	Loss Gradient: 5.0000E+00 	lr: 1.00E-04

⟨|s_xx+g_x|⟩=3.145e-02   ⟨|s_xy+g_y|⟩=2.718e-02
Train Epoch: 2 [6720/10000 (67%)] 	Forcing Loss: 2.9281E-03 (w = 1.0E+00) 	Physics Loss: 1.4565E-02 (w = 1.0E+00) 	Loss Gradient: 5.0000E+00 	lr: 1.00E-04

⟨|s_xx+g_x|⟩=2.290e-02   ⟨|s_xy+g_y|⟩=2.157e-02
Train Epoch: 2 [6784/10000 (68%)] 	Forcing Loss: 1.6505E-03 (w = 1.0E+00) 	Physics Loss: 1.8207E-02 (w = 1.0E+00) 	Loss Gradient: 5.0000E+00 	lr: 1.00E-04

⟨|s_xx+g_x|⟩=2.037e-02   ⟨|s_xy+g_y|⟩=1.542e-02
Train Epoch: 2 [6848/10000 (68%)] 	Forcing Loss: 1.1148E-03 (w = 1.0E+00) 	Physics Loss: 1.5976E-02 (w = 1.0E+00) 	Loss Gradient: 5.0000E+00 	lr: 1.00E-04

⟨|s_xx+g_x|⟩=1.502e-02   ⟨|s_xy+g_y|⟩=1.205e-02
